Log file open, 12/19/21 16:42:43
LogWindows: Failed to load 'aqProf.dll' (GetLastError=126)
LogWindows: File 'aqProf.dll' does not exist
LogWindows: Failed to load 'VtuneApi.dll' (GetLastError=126)
LogWindows: File 'VtuneApi.dll' does not exist
LogWindows: Failed to load 'VtuneApi32e.dll' (GetLastError=126)
LogWindows: File 'VtuneApi32e.dll' does not exist
LogConsoleResponse: Display: Failed to find resolution value strings in scalability ini. Falling back to default.
LogConsoleResponse: Display: Failed to find resolution value strings in scalability ini. Falling back to default.
LogInit: Display: Running engine for game: MyProject5
LogPlatformFile: Not using cached read wrapper
LogTaskGraph: Started task graph with 5 named threads and 14 total threads with 3 sets of task threads.
LogStats: Stats thread started at 0.736537
LogICUInternationalization: ICU TimeZone Detection - Raw Offset: +10:00, Platform Override: ''
LogInit: Display: Loading text-based GConfig....
LogPluginManager: Mounting plugin MeshPainting
LogPluginManager: Mounting plugin XGEController
LogPluginManager: Mounting plugin Paper2D
LogPluginManager: Mounting plugin AISupport
LogPluginManager: Mounting plugin LightPropagationVolume
LogPluginManager: Mounting plugin EnvironmentQueryEditor
LogPluginManager: Mounting plugin LiveLink
LogPluginManager: Mounting plugin CameraShakePreviewer
LogPluginManager: Mounting plugin GameplayCameras
LogPluginManager: Mounting plugin OodleData
LogPluginManager: Mounting plugin OodleNetwork
LogPluginManager: Mounting plugin AnimationSharing
LogPluginManager: Mounting plugin CodeLiteSourceCodeAccess
LogPluginManager: Mounting plugin CLionSourceCodeAccess
LogPluginManager: Mounting plugin GitSourceControl
LogPluginManager: Mounting plugin KDevelopSourceCodeAccess
LogPluginManager: Mounting plugin PixWinPlugin
LogPluginManager: Mounting plugin NullSourceCodeAccess
LogPluginManager: Mounting plugin PerforceSourceControl
LogPluginManager: Mounting plugin PlasticSourceControl
LogPluginManager: Mounting plugin PluginUtils
LogPluginManager: Mounting plugin RiderSourceCodeAccess
LogPluginManager: Mounting plugin PropertyAccessNode
LogPluginManager: Mounting plugin SubversionSourceControl
LogPluginManager: Mounting plugin TextureFormatOodle
LogPluginManager: Mounting plugin UObjectPlugin
LogPluginManager: Mounting plugin VisualStudioCodeSourceCodeAccess
LogPluginManager: Mounting plugin VisualStudioSourceCodeAccess
LogPluginManager: Mounting plugin XCodeSourceCodeAccess
LogPluginManager: Mounting plugin AssetManagerEditor
LogPluginManager: Mounting plugin CryptoKeys
LogPluginManager: Mounting plugin CurveEditorTools
LogPluginManager: Mounting plugin DataValidation
LogPluginManager: Mounting plugin FacialAnimation
LogPluginManager: Mounting plugin GameplayTagsEditor
LogPluginManager: Mounting plugin GeometryMode
LogPluginManager: Mounting plugin MacGraphicsSwitching
LogPluginManager: Mounting plugin MaterialAnalyzer
LogPluginManager: Mounting plugin MobileLauncherProfileWizard
LogPluginManager: Mounting plugin PluginBrowser
LogPluginManager: Mounting plugin SpeedTreeImporter
LogPluginManager: Mounting plugin DatasmithContent
LogPluginManager: Mounting plugin VariantManagerContent
LogPluginManager: Mounting plugin Niagara
LogPluginManager: Mounting plugin AlembicImporter
LogPluginManager: Mounting plugin AutomationUtils
LogPluginManager: Mounting plugin BackChannel
LogPluginManager: Mounting plugin ChaosCloth
LogPluginManager: Mounting plugin ChaosClothEditor
LogPluginManager: Mounting plugin ChaosEditor
LogPluginManager: Mounting plugin ChaosNiagara
LogPluginManager: Mounting plugin ChaosSolverPlugin
LogPluginManager: Mounting plugin CharacterAI
LogPluginManager: Mounting plugin GeometryCache
LogPluginManager: Mounting plugin GeometryCollectionPlugin
LogPluginManager: Mounting plugin GeometryProcessing
LogPluginManager: Mounting plugin MotoSynth
LogPluginManager: Mounting plugin OpenImageDenoise
LogPluginManager: Mounting plugin PlanarCut
LogPluginManager: Mounting plugin PlatformCrypto
LogPluginManager: Mounting plugin ProxyLODPlugin
LogPluginManager: Mounting plugin PythonScriptPlugin
LogPluginManager: Mounting plugin SkeletalReduction
LogPluginManager: Mounting plugin LuminPlatformFeatures
LogPluginManager: Mounting plugin MagicLeap
LogPluginManager: Mounting plugin AndroidMedia
LogPluginManager: Mounting plugin MagicLeapLightEstimation
LogPluginManager: Mounting plugin MagicLeapMedia
LogPluginManager: Mounting plugin AvfMedia
LogPluginManager: Mounting plugin MagicLeapPassableWorld
LogPluginManager: Mounting plugin MLSDK
LogPluginManager: Mounting plugin ImgMedia
LogPluginManager: Mounting plugin MediaCompositing
LogPluginManager: Mounting plugin MediaPlayerEditor
LogPluginManager: Mounting plugin WebMMedia
LogPluginManager: Mounting plugin WmfMedia
LogPluginManager: Mounting plugin ActorSequence
LogPluginManager: Mounting plugin LevelSequenceEditor
LogPluginManager: Mounting plugin MatineeToLevelSequence
LogPluginManager: Mounting plugin TcpMessaging
LogPluginManager: Mounting plugin TemplateSequence
LogPluginManager: Mounting plugin UdpMessaging
LogPluginManager: Mounting plugin OnlineSubsystem
LogPluginManager: Mounting plugin LauncherChunkInstaller
LogPluginManager: Mounting plugin OnlineSubsystemNull
LogPluginManager: Mounting plugin OnlineSubsystemUtils
LogPluginManager: Mounting plugin ActorLayerUtilities
LogPluginManager: Mounting plugin AndroidDeviceProfileSelector
LogPluginManager: Mounting plugin AndroidMoviePlayer
LogPluginManager: Mounting plugin AndroidPermission
LogPluginManager: Mounting plugin AppleImageUtils
LogPluginManager: Mounting plugin AppleMoviePlayer
LogPluginManager: Mounting plugin ArchVisCharacter
LogPluginManager: Mounting plugin AssetTags
LogPluginManager: Mounting plugin AudioCapture
LogPluginManager: Mounting plugin AudioSynesthesia
LogPluginManager: Mounting plugin CableComponent
LogPluginManager: Mounting plugin ChunkDownloader
LogPluginManager: Mounting plugin CustomMeshComponent
LogPluginManager: Mounting plugin EditableMesh
LogPluginManager: Mounting plugin ExampleDeviceProfileSelector
LogPluginManager: Mounting plugin GoogleCloudMessaging
LogPluginManager: Mounting plugin GooglePAD
LogPluginManager: Mounting plugin IOSDeviceProfileSelector
LogPluginManager: Mounting plugin LinuxDeviceProfileSelector
LogPluginManager: Mounting plugin LocationServicesBPLibrary
LogPluginManager: Mounting plugin MobilePatchingUtils
LogPluginManager: Mounting plugin OpenXR
LogPluginManager: Mounting plugin OpenXREyeTracker
LogPluginManager: Mounting plugin OpenXRHandTracking
LogPluginManager: Mounting plugin PhysXVehicles
LogPluginManager: Mounting plugin ProceduralMeshComponent
LogPluginManager: Mounting plugin PostSplashScreen
LogPluginManager: Mounting plugin PropertyAccessEditor
LogPluginManager: Mounting plugin RuntimePhysXCooking
LogPluginManager: Mounting plugin SignificanceManager
LogPluginManager: Mounting plugin SoundFields
LogPluginManager: Mounting plugin Synthesis
LogPluginManager: Mounting plugin WebMMoviePlayer
LogPluginManager: Mounting plugin WindowsMoviePlayer
LogPluginManager: Mounting plugin ScreenshotTools
LogPluginManager: Mounting plugin Takes
LogPluginManager: Mounting plugin ContentBrowserAssetDataSource
LogPluginManager: Mounting plugin ContentBrowserClassDataSource
LogPluginManager: Mounting plugin ContentBrowserFileDataSource
LogPluginManager: Mounting plugin OnlineSubsystemGooglePlay
LogPluginManager: Mounting plugin OnlineSubsystemIOS
LogPluginManager: Mounting plugin OculusVR
LogPluginManager: Mounting plugin SteamVR
PixWinPlugin: PIX capture plugin failed to initialize! Check that the process is launched from PIX.
LogInit: Using libcurl 7.55.1-DEV
LogInit:  - built for x86_64-pc-win32
LogInit:  - supports SSL with OpenSSL/1.1.1
LogInit:  - supports HTTP deflate (compression) using libz 1.2.8
LogInit:  - other features:
LogInit:      CURL_VERSION_SSL
LogInit:      CURL_VERSION_LIBZ
LogInit:      CURL_VERSION_IPV6
LogInit:      CURL_VERSION_ASYNCHDNS
LogInit:      CURL_VERSION_LARGEFILE
LogInit:      CURL_VERSION_IDN
LogInit:  CurlRequestOptions (configurable via config and command line):
LogInit:  - bVerifyPeer = true  - Libcurl will verify peer certificate
LogInit:  - bUseHttpProxy = false  - Libcurl will NOT use HTTP proxy
LogInit:  - bDontReuseConnections = false  - Libcurl will reuse connections
LogInit:  - MaxHostConnections = 16  - Libcurl will limit the number of connections to a host
LogInit:  - LocalHostAddr = Default
LogInit:  - BufferSize = 65536
LogOnline: OSS: Creating online subsystem instance for: NULL
LogInit: WinSock: version 1.1 (2.2), MaxSocks=32767, MaxUdp=65467
LogOnline: OSS: TryLoadSubsystemAndSetDefault: Loaded subsystem for module [NULL]
LogOculusPluginWrapper: OculusPlugin initialized successfully
LogHMD: Failed initializing OVRPlugin 1.59.0
LogInit: Build: ++UE4+Release-4.27-CL-17735300
LogInit: Engine Version: 4.27.1-17735300+++UE4+Release-4.27
LogInit: Compatible Engine Version: 4.27.0-17155196+++UE4+Release-4.27
LogInit: Net CL: 17155196
LogInit: OS: Windows 10 (Release 2009) (), CPU: Intel(R) Core(TM) i5-6400 CPU @ 2.70GHz, GPU: NVIDIA GeForce GTX 1050 Ti
LogInit: Compiled (64-bit): Oct  6 2021 14:42:51
LogInit: Compiled with Visual C++: 19.24.28315.00
LogInit: Build Configuration: Development
LogInit: Branch Name: ++UE4+Release-4.27
LogInit: Command Line: 
LogInit: Base Directory: E:/Program Files/UE_4.27/Engine/Binaries/Win64/
LogInit: Allocator: TBB
LogInit: Installed Engine Build: 1
LogDevObjectVersion: Number of dev versions registered: 29
LogDevObjectVersion:   Dev-Blueprints (B0D832E4-1F89-4F0D-ACCF-7EB736FD4AA2): 10
LogDevObjectVersion:   Dev-Build (E1C64328-A22C-4D53-A36C-8E866417BD8C): 0
LogDevObjectVersion:   Dev-Core (375EC13C-06E4-48FB-B500-84F0262A717E): 4
LogDevObjectVersion:   Dev-Editor (E4B068ED-F494-42E9-A231-DA0B2E46BB41): 40
LogDevObjectVersion:   Dev-Framework (CFFC743F-43B0-4480-9391-14DF171D2073): 37
LogDevObjectVersion:   Dev-Mobile (B02B49B5-BB20-44E9-A304-32B752E40360): 3
LogDevObjectVersion:   Dev-Networking (A4E4105C-59A1-49B5-A7C5-40C4547EDFEE): 0
LogDevObjectVersion:   Dev-Online (39C831C9-5AE6-47DC-9A44-9C173E1C8E7C): 0
LogDevObjectVersion:   Dev-Physics (78F01B33-EBEA-4F98-B9B4-84EACCB95AA2): 14
LogDevObjectVersion:   Dev-Platform (6631380F-2D4D-43E0-8009-CF276956A95A): 0
LogDevObjectVersion:   Dev-Rendering (12F88B9F-8875-4AFC-A67C-D90C383ABD29): 45
LogDevObjectVersion:   Dev-Sequencer (7B5AE74C-D270-4C10-A958-57980B212A5A): 13
LogDevObjectVersion:   Dev-VR (D7296918-1DD6-4BDD-9DE2-64A83CC13884): 3
LogDevObjectVersion:   Dev-LoadTimes (C2A15278-BFE7-4AFE-6C17-90FF531DF755): 1
LogDevObjectVersion:   Private-Geometry (6EACA3D4-40EC-4CC1-B786-8BED09428FC5): 3
LogDevObjectVersion:   Dev-AnimPhys (29E575DD-E0A3-4627-9D10-D276232CDCEA): 17
LogDevObjectVersion:   Dev-Anim (AF43A65D-7FD3-4947-9873-3E8ED9C1BB05): 15
LogDevObjectVersion:   Dev-ReflectionCapture (6B266CEC-1EC7-4B8F-A30B-E4D90942FC07): 1
LogDevObjectVersion:   Dev-Automation (0DF73D61-A23F-47EA-B727-89E90C41499A): 1
LogDevObjectVersion:   FortniteMain (601D1886-AC64-4F84-AA16-D3DE0DEAC7D6): 47
LogDevObjectVersion:   FortniteRelease (E7086368-6B23-4C58-8439-1B7016265E91): 1
LogDevObjectVersion:   Dev-Enterprise (9DFFBCD6-494F-0158-E221-12823C92A888): 10
LogDevObjectVersion:   Dev-Niagara (F2AED0AC-9AFE-416F-8664-AA7FFA26D6FC): 1
LogDevObjectVersion:   Dev-Destruction (174F1F0B-B4C6-45A5-B13F-2EE8D0FB917D): 10
LogDevObjectVersion:   Dev-Physics-Ext (35F94A83-E258-406C-A318-09F59610247C): 41
LogDevObjectVersion:   Dev-PhysicsMaterial-Chaos (B68FC16E-8B1B-42E2-B453-215C058844FE): 1
LogDevObjectVersion:   Dev-CineCamera (B2E18506-4273-CFC2-A54E-F4BB758BBA07): 1
LogDevObjectVersion:   Dev-VirtualProduction (64F58936-FD1B-42BA-BA96-7289D5D0FA4E): 1
LogDevObjectVersion:   Dev-MediaFramework (6F0ED827-A609-4895-9C91-998D90180EA4): 2
LogInit: Presizing for max 25165824 objects, including 0 objects not considered by GC, pre-allocating 0 bytes for permanent pool.
LogConfig: Applying CVar settings from Section [/Script/Engine.StreamingSettings] File [E:/Users/kalif/Documents/Unreal Projects/MyProject5/Saved/Config/Windows/Engine.ini]
LogConfig: Setting CVar [[s.MinBulkDataSizeForAsyncLoading:131072]]
LogConfig: Setting CVar [[s.AsyncLoadingThreadEnabled:0]]
LogConfig: Setting CVar [[s.EventDrivenLoaderEnabled:1]]
LogConfig: Setting CVar [[s.WarnIfTimeLimitExceeded:0]]
LogConfig: Setting CVar [[s.TimeLimitExceededMultiplier:1.5]]
LogConfig: Setting CVar [[s.TimeLimitExceededMinTime:0.005]]
LogConfig: Setting CVar [[s.UseBackgroundLevelStreaming:1]]
LogConfig: Setting CVar [[s.PriorityAsyncLoadingExtraTime:15.0]]
LogConfig: Setting CVar [[s.LevelStreamingActorsUpdateTimeLimit:5.0]]
LogConfig: Setting CVar [[s.PriorityLevelStreamingActorsUpdateExtraTime:5.0]]
LogConfig: Setting CVar [[s.LevelStreamingComponentsRegistrationGranularity:10]]
LogConfig: Setting CVar [[s.UnregisterComponentsTimeLimit:1.0]]
LogConfig: Setting CVar [[s.LevelStreamingComponentsUnregistrationGranularity:5]]
LogConfig: Setting CVar [[s.FlushStreamingOnExit:1]]
LogInit: Object subsystem initialized
LogConfig: Setting CVar [[con.DebugEarlyDefault:1]]
LogConfig: Setting CVar [[r.setres:1280x720]]
[2021.12.19-05.42.44:945][  0]LogConfig: Setting CVar [[r.VSync:0]]
[2021.12.19-05.42.44:945][  0]LogConfig: Setting CVar [[r.RHICmdBypass:0]]
[2021.12.19-05.42.44:945][  0]LogConfig: Applying CVar settings from Section [/Script/Engine.RendererSettings] File [E:/Users/kalif/Documents/Unreal Projects/MyProject5/Saved/Config/Windows/Engine.ini]
[2021.12.19-05.42.44:945][  0]LogConfig: Setting CVar [[r.GPUCrashDebugging:0]]
[2021.12.19-05.42.44:945][  0]LogConfig: Setting CVar [[r.SupportSkyAtmosphereAffectsHeightFog:1]]
[2021.12.19-05.42.44:945][  0]LogConfig: Applying CVar settings from Section [/Script/Engine.RendererOverrideSettings] File [E:/Users/kalif/Documents/Unreal Projects/MyProject5/Saved/Config/Windows/Engine.ini]
[2021.12.19-05.42.44:945][  0]LogConfig: Applying CVar settings from Section [/Script/Engine.StreamingSettings] File [E:/Users/kalif/Documents/Unreal Projects/MyProject5/Saved/Config/Windows/Engine.ini]
[2021.12.19-05.42.44:945][  0]LogConfig: Setting CVar [[s.MinBulkDataSizeForAsyncLoading:131072]]
[2021.12.19-05.42.44:945][  0]LogConfig: Setting CVar [[s.AsyncLoadingThreadEnabled:0]]
[2021.12.19-05.42.44:945][  0]LogConfig: Setting CVar [[s.EventDrivenLoaderEnabled:1]]
[2021.12.19-05.42.44:945][  0]LogConfig: Setting CVar [[s.WarnIfTimeLimitExceeded:0]]
[2021.12.19-05.42.44:945][  0]LogConfig: Setting CVar [[s.TimeLimitExceededMultiplier:1.5]]
[2021.12.19-05.42.44:945][  0]LogConfig: Setting CVar [[s.TimeLimitExceededMinTime:0.005]]
[2021.12.19-05.42.44:945][  0]LogConfig: Setting CVar [[s.UseBackgroundLevelStreaming:1]]
[2021.12.19-05.42.44:945][  0]LogConfig: Setting CVar [[s.PriorityAsyncLoadingExtraTime:15.0]]
[2021.12.19-05.42.44:945][  0]LogConfig: Setting CVar [[s.LevelStreamingActorsUpdateTimeLimit:5.0]]
[2021.12.19-05.42.44:945][  0]LogConfig: Setting CVar [[s.PriorityLevelStreamingActorsUpdateExtraTime:5.0]]
[2021.12.19-05.42.44:945][  0]LogConfig: Setting CVar [[s.LevelStreamingComponentsRegistrationGranularity:10]]
[2021.12.19-05.42.44:945][  0]LogConfig: Setting CVar [[s.UnregisterComponentsTimeLimit:1.0]]
[2021.12.19-05.42.44:945][  0]LogConfig: Setting CVar [[s.LevelStreamingComponentsUnregistrationGranularity:5]]
[2021.12.19-05.42.44:945][  0]LogConfig: Setting CVar [[s.FlushStreamingOnExit:1]]
[2021.12.19-05.42.44:945][  0]LogConfig: Applying CVar settings from Section [/Script/Engine.GarbageCollectionSettings] File [E:/Users/kalif/Documents/Unreal Projects/MyProject5/Saved/Config/Windows/Engine.ini]
[2021.12.19-05.42.44:945][  0]LogConfig: Setting CVar [[gc.MaxObjectsNotConsideredByGC:1]]
[2021.12.19-05.42.44:945][  0]LogConfig: Setting CVar [[gc.SizeOfPermanentObjectPool:0]]
[2021.12.19-05.42.44:945][  0]LogConfig: Setting CVar [[gc.FlushStreamingOnGC:0]]
[2021.12.19-05.42.44:945][  0]LogConfig: Setting CVar [[gc.NumRetriesBeforeForcingGC:10]]
[2021.12.19-05.42.44:945][  0]LogConfig: Setting CVar [[gc.AllowParallelGC:1]]
[2021.12.19-05.42.44:945][  0]LogConfig: Setting CVar [[gc.TimeBetweenPurgingPendingKillObjects:61.1]]
[2021.12.19-05.42.44:945][  0]LogConfig: Setting CVar [[gc.MaxObjectsInEditor:25165824]]
[2021.12.19-05.42.44:945][  0]LogConfig: Setting CVar [[gc.IncrementalBeginDestroyEnabled:1]]
[2021.12.19-05.42.44:945][  0]LogConfig: Setting CVar [[gc.CreateGCClusters:1]]
[2021.12.19-05.42.44:945][  0]LogConfig: Setting CVar [[gc.MinGCClusterSize:5]]
[2021.12.19-05.42.44:945][  0]LogConfig: Setting CVar [[gc.ActorClusteringEnabled:0]]
[2021.12.19-05.42.44:945][  0]LogConfig: Setting CVar [[gc.BlueprintClusteringEnabled:0]]
[2021.12.19-05.42.44:945][  0]LogConfig: Setting CVar [[gc.UseDisregardForGCOnDedicatedServers:0]]
[2021.12.19-05.42.44:945][  0]LogConfig: Setting CVar [[gc.MultithreadedDestructionEnabled:1]]
[2021.12.19-05.42.44:945][  0]LogConfig: Applying CVar settings from Section [/Script/Engine.NetworkSettings] File [E:/Users/kalif/Documents/Unreal Projects/MyProject5/Saved/Config/Windows/Engine.ini]
[2021.12.19-05.42.44:945][  0]LogConfig: Applying CVar settings from Section [/Script/UnrealEd.CookerSettings] File [E:/Users/kalif/Documents/Unreal Projects/MyProject5/Saved/Config/Windows/Engine.ini]
[2021.12.19-05.42.44:960][  0]LogConfig: Applying CVar settings from Section [ViewDistanceQuality@3] File [E:/Users/kalif/Documents/Unreal Projects/MyProject5/Saved/Config/Windows/Scalability.ini]
[2021.12.19-05.42.44:960][  0]LogConfig: Setting CVar [[r.SkeletalMeshLODBias:0]]
[2021.12.19-05.42.44:960][  0]LogConfig: Setting CVar [[r.ViewDistanceScale:1.0]]
[2021.12.19-05.42.44:960][  0]LogConfig: Applying CVar settings from Section [AntiAliasingQuality@3] File [E:/Users/kalif/Documents/Unreal Projects/MyProject5/Saved/Config/Windows/Scalability.ini]
[2021.12.19-05.42.44:960][  0]LogConfig: Setting CVar [[r.PostProcessAAQuality:4]]
[2021.12.19-05.42.44:960][  0]LogConfig: Applying CVar settings from Section [ShadowQuality@3] File [E:/Users/kalif/Documents/Unreal Projects/MyProject5/Saved/Config/Windows/Scalability.ini]
[2021.12.19-05.42.44:960][  0]LogConfig: Setting CVar [[r.LightFunctionQuality:1]]
[2021.12.19-05.42.44:960][  0]LogConfig: Setting CVar [[r.ShadowQuality:5]]
[2021.12.19-05.42.44:960][  0]LogConfig: Setting CVar [[r.Shadow.CSM.MaxCascades:10]]
[2021.12.19-05.42.44:960][  0]LogConfig: Setting CVar [[r.Shadow.MaxResolution:2048]]
[2021.12.19-05.42.44:960][  0]LogConfig: Setting CVar [[r.Shadow.MaxCSMResolution:2048]]
[2021.12.19-05.42.44:960][  0]LogConfig: Setting CVar [[r.Shadow.RadiusThreshold:0.01]]
[2021.12.19-05.42.44:960][  0]LogConfig: Setting CVar [[r.Shadow.DistanceScale:1.0]]
[2021.12.19-05.42.44:960][  0]LogConfig: Setting CVar [[r.Shadow.CSM.TransitionScale:1.0]]
[2021.12.19-05.42.44:960][  0]LogConfig: Setting CVar [[r.Shadow.PreShadowResolutionFactor:1.0]]
[2021.12.19-05.42.44:960][  0]LogConfig: Setting CVar [[r.DistanceFieldShadowing:1]]
[2021.12.19-05.42.44:960][  0]LogConfig: Setting CVar [[r.DistanceFieldAO:1]]
[2021.12.19-05.42.44:960][  0]LogConfig: Setting CVar [[r.AOQuality:2]]
[2021.12.19-05.42.44:960][  0]LogConfig: Setting CVar [[r.VolumetricFog:1]]
[2021.12.19-05.42.44:960][  0]LogConfig: Setting CVar [[r.VolumetricFog.GridPixelSize:8]]
[2021.12.19-05.42.44:960][  0]LogConfig: Setting CVar [[r.VolumetricFog.GridSizeZ:128]]
[2021.12.19-05.42.44:960][  0]LogConfig: Setting CVar [[r.VolumetricFog.HistoryMissSupersampleCount:4]]
[2021.12.19-05.42.44:960][  0]LogConfig: Setting CVar [[r.LightMaxDrawDistanceScale:1]]
[2021.12.19-05.42.44:960][  0]LogConfig: Setting CVar [[r.CapsuleShadows:1]]
[2021.12.19-05.42.44:960][  0]LogConfig: Applying CVar settings from Section [PostProcessQuality@3] File [E:/Users/kalif/Documents/Unreal Projects/MyProject5/Saved/Config/Windows/Scalability.ini]
[2021.12.19-05.42.44:960][  0]LogConfig: Setting CVar [[r.MotionBlurQuality:4]]
[2021.12.19-05.42.44:960][  0]LogConfig: Setting CVar [[r.AmbientOcclusionMipLevelFactor:0.4]]
[2021.12.19-05.42.44:960][  0]LogConfig: Setting CVar [[r.AmbientOcclusionMaxQuality:100]]
[2021.12.19-05.42.44:960][  0]LogConfig: Setting CVar [[r.AmbientOcclusionLevels:-1]]
[2021.12.19-05.42.44:960][  0]LogConfig: Setting CVar [[r.AmbientOcclusionRadiusScale:1.0]]
[2021.12.19-05.42.44:960][  0]LogConfig: Setting CVar [[r.DepthOfFieldQuality:2]]
[2021.12.19-05.42.44:960][  0]LogConfig: Setting CVar [[r.RenderTargetPoolMin:400]]
[2021.12.19-05.42.44:960][  0]LogConfig: Setting CVar [[r.LensFlareQuality:2]]
[2021.12.19-05.42.44:960][  0]LogConfig: Setting CVar [[r.SceneColorFringeQuality:1]]
[2021.12.19-05.42.44:960][  0]LogConfig: Setting CVar [[r.EyeAdaptationQuality:2]]
[2021.12.19-05.42.44:960][  0]LogConfig: Setting CVar [[r.BloomQuality:5]]
[2021.12.19-05.42.44:960][  0]LogConfig: Setting CVar [[r.FastBlurThreshold:100]]
[2021.12.19-05.42.44:960][  0]LogConfig: Setting CVar [[r.Upscale.Quality:3]]
[2021.12.19-05.42.44:961][  0]LogConfig: Setting CVar [[r.Tonemapper.GrainQuantization:1]]
[2021.12.19-05.42.44:961][  0]LogConfig: Setting CVar [[r.LightShaftQuality:1]]
[2021.12.19-05.42.44:961][  0]LogConfig: Setting CVar [[r.Filter.SizeScale:1]]
[2021.12.19-05.42.44:961][  0]LogConfig: Setting CVar [[r.Tonemapper.Quality:5]]
[2021.12.19-05.42.44:961][  0]LogConfig: Setting CVar [[r.DOF.Gather.AccumulatorQuality:1        ; higher gathering accumulator quality]]
[2021.12.19-05.42.44:961][  0]LogConfig: Setting CVar [[r.DOF.Gather.PostfilterMethod:1          ; Median3x3 postfilering method]]
[2021.12.19-05.42.44:961][  0]LogConfig: Setting CVar [[r.DOF.Gather.EnableBokehSettings:0       ; no bokeh simulation when gathering]]
[2021.12.19-05.42.44:961][  0]LogConfig: Setting CVar [[r.DOF.Gather.RingCount:4                 ; medium number of samples when gathering]]
[2021.12.19-05.42.44:961][  0]LogConfig: Setting CVar [[r.DOF.Scatter.ForegroundCompositing:1    ; additive foreground scattering]]
[2021.12.19-05.42.44:961][  0]LogConfig: Setting CVar [[r.DOF.Scatter.BackgroundCompositing:2    ; additive background scattering]]
[2021.12.19-05.42.44:961][  0]LogConfig: Setting CVar [[r.DOF.Scatter.EnableBokehSettings:1      ; bokeh simulation when scattering]]
[2021.12.19-05.42.44:961][  0]LogConfig: Setting CVar [[r.DOF.Scatter.MaxSpriteRatio:0.1         ; only a maximum of 10% of scattered bokeh]]
[2021.12.19-05.42.44:961][  0]LogConfig: Setting CVar [[r.DOF.Recombine.Quality:1                ; cheap slight out of focus]]
[2021.12.19-05.42.44:961][  0]LogConfig: Setting CVar [[r.DOF.Recombine.EnableBokehSettings:0    ; no bokeh simulation on slight out of focus]]
[2021.12.19-05.42.44:961][  0]LogConfig: Setting CVar [[r.DOF.TemporalAAQuality:1                ; more stable temporal accumulation]]
[2021.12.19-05.42.44:961][  0]LogConfig: Setting CVar [[r.DOF.Kernel.MaxForegroundRadius:0.025]]
[2021.12.19-05.42.44:961][  0]LogConfig: Setting CVar [[r.DOF.Kernel.MaxBackgroundRadius:0.025]]
[2021.12.19-05.42.44:961][  0]LogConfig: Applying CVar settings from Section [TextureQuality@3] File [E:/Users/kalif/Documents/Unreal Projects/MyProject5/Saved/Config/Windows/Scalability.ini]
[2021.12.19-05.42.44:961][  0]LogConfig: Setting CVar [[r.Streaming.MipBias:0]]
[2021.12.19-05.42.44:961][  0]LogConfig: Setting CVar [[r.Streaming.AmortizeCPUToGPUCopy:0]]
[2021.12.19-05.42.44:961][  0]LogConfig: Setting CVar [[r.Streaming.MaxNumTexturesToStreamPerFrame:0]]
[2021.12.19-05.42.44:961][  0]LogConfig: Setting CVar [[r.Streaming.Boost:1]]
[2021.12.19-05.42.44:961][  0]LogConfig: Setting CVar [[r.MaxAnisotropy:8]]
[2021.12.19-05.42.44:961][  0]LogConfig: Setting CVar [[r.VT.MaxAnisotropy:8]]
[2021.12.19-05.42.44:961][  0]LogConfig: Setting CVar [[r.Streaming.LimitPoolSizeToVRAM:0]]
[2021.12.19-05.42.44:961][  0]LogConfig: Setting CVar [[r.Streaming.PoolSize:1000]]
[2021.12.19-05.42.44:961][  0]LogConfig: Setting CVar [[r.Streaming.MaxEffectiveScreenSize:0]]
[2021.12.19-05.42.44:961][  0]LogConfig: Applying CVar settings from Section [EffectsQuality@3] File [E:/Users/kalif/Documents/Unreal Projects/MyProject5/Saved/Config/Windows/Scalability.ini]
[2021.12.19-05.42.44:961][  0]LogConfig: Setting CVar [[r.TranslucencyLightingVolumeDim:64]]
[2021.12.19-05.42.44:961][  0]LogConfig: Setting CVar [[r.RefractionQuality:2]]
[2021.12.19-05.42.44:961][  0]LogConfig: Setting CVar [[r.SSR.Quality:3]]
[2021.12.19-05.42.44:961][  0]LogConfig: Setting CVar [[r.SSR.HalfResSceneColor:0]]
[2021.12.19-05.42.44:961][  0]LogConfig: Setting CVar [[r.SceneColorFormat:4]]
[2021.12.19-05.42.44:961][  0]LogConfig: Setting CVar [[r.DetailMode:2]]
[2021.12.19-05.42.44:961][  0]LogConfig: Setting CVar [[r.TranslucencyVolumeBlur:1]]
[2021.12.19-05.42.44:961][  0]LogConfig: Setting CVar [[r.MaterialQualityLevel:1 ; High quality]]
[2021.12.19-05.42.44:961][  0]LogConfig: Setting CVar [[r.AnisotropicMaterials:1]]
[2021.12.19-05.42.44:961][  0]LogConfig: Setting CVar [[r.SSS.Scale:1]]
[2021.12.19-05.42.44:961][  0]LogConfig: Setting CVar [[r.SSS.SampleSet:2]]
[2021.12.19-05.42.44:961][  0]LogConfig: Setting CVar [[r.SSS.Quality:1]]
[2021.12.19-05.42.44:961][  0]LogConfig: Setting CVar [[r.SSS.HalfRes:0]]
[2021.12.19-05.42.44:961][  0]LogConfig: Setting CVar [[r.SSGI.Quality:3]]
[2021.12.19-05.42.44:961][  0]LogConfig: Setting CVar [[r.EmitterSpawnRateScale:1.0]]
[2021.12.19-05.42.44:961][  0]LogConfig: Setting CVar [[r.ParticleLightQuality:2]]
[2021.12.19-05.42.44:961][  0]LogConfig: Setting CVar [[r.SkyAtmosphere.AerialPerspectiveLUT.FastApplyOnOpaque:1 ; Always have FastSkyLUT 1 in this case to avoid wrong sky]]
[2021.12.19-05.42.44:961][  0]LogConfig: Setting CVar [[r.SkyAtmosphere.AerialPerspectiveLUT.SampleCountMaxPerSlice:4]]
[2021.12.19-05.42.44:961][  0]LogConfig: Setting CVar [[r.SkyAtmosphere.AerialPerspectiveLUT.DepthResolution:16.0]]
[2021.12.19-05.42.44:961][  0]LogConfig: Setting CVar [[r.SkyAtmosphere.FastSkyLUT:1]]
[2021.12.19-05.42.44:961][  0]LogConfig: Setting CVar [[r.SkyAtmosphere.FastSkyLUT.SampleCountMin:4.0]]
[2021.12.19-05.42.44:961][  0]LogConfig: Setting CVar [[r.SkyAtmosphere.FastSkyLUT.SampleCountMax:128.0]]
[2021.12.19-05.42.44:961][  0]LogConfig: Setting CVar [[r.SkyAtmosphere.SampleCountMin:4.0]]
[2021.12.19-05.42.44:961][  0]LogConfig: Setting CVar [[r.SkyAtmosphere.SampleCountMax:128.0]]
[2021.12.19-05.42.44:961][  0]LogConfig: Setting CVar [[r.SkyAtmosphere.TransmittanceLUT.UseSmallFormat:0]]
[2021.12.19-05.42.44:961][  0]LogConfig: Setting CVar [[r.SkyAtmosphere.TransmittanceLUT.SampleCount:10.0]]
[2021.12.19-05.42.44:961][  0]LogConfig: Setting CVar [[r.SkyAtmosphere.MultiScatteringLUT.SampleCount:15.0]]
[2021.12.19-05.42.44:961][  0]LogConfig: Setting CVar [[r.SkyLight.RealTimeReflectionCapture:1]]
[2021.12.19-05.42.44:961][  0]LogConfig: Applying CVar settings from Section [FoliageQuality@3] File [E:/Users/kalif/Documents/Unreal Projects/MyProject5/Saved/Config/Windows/Scalability.ini]
[2021.12.19-05.42.44:961][  0]LogConfig: Setting CVar [[foliage.DensityScale:1.0]]
[2021.12.19-05.42.44:961][  0]LogConfig: Setting CVar [[grass.DensityScale:1.0]]
[2021.12.19-05.42.44:961][  0]LogConfig: Applying CVar settings from Section [ShadingQuality@3] File [E:/Users/kalif/Documents/Unreal Projects/MyProject5/Saved/Config/Windows/Scalability.ini]
[2021.12.19-05.42.44:961][  0]LogConfig: Setting CVar [[r.HairStrands.SkyLighting.IntegrationType:2]]
[2021.12.19-05.42.44:961][  0]LogConfig: Setting CVar [[r.HairStrands.SkyAO.SampleCount:4]]
[2021.12.19-05.42.44:961][  0]LogConfig: Setting CVar [[r.HairStrands.Visibility.MSAA.SamplePerPixel:4]]
[2021.12.19-05.42.44:962][  0]LogInit: Selected Device Profile: [Windows]
[2021.12.19-05.42.44:962][  0]LogInit: Applying CVar settings loaded from the selected device profile: [Windows]
[2021.12.19-05.42.44:962][  0]LogHAL: Display: Platform has ~ 8 GB [8527687680 / 8589934592 / 8], which maps to Default [LargestMinGB=32, LargerMinGB=12, DefaultMinGB=8, SmallerMinGB=6, SmallestMinGB=0)
[2021.12.19-05.42.44:962][  0]LogInit: Going up to parent DeviceProfile []
[2021.12.19-05.42.44:962][  0]LogConfig: Applying CVar settings from Section [ViewDistanceQuality@3] File [E:/Users/kalif/Documents/Unreal Projects/MyProject5/Saved/Config/Windows/Scalability.ini]
[2021.12.19-05.42.44:962][  0]LogConfig: Setting CVar [[r.SkeletalMeshLODBias:0]]
[2021.12.19-05.42.44:962][  0]LogConfig: Setting CVar [[r.ViewDistanceScale:1.0]]
[2021.12.19-05.42.44:962][  0]LogConfig: Applying CVar settings from Section [AntiAliasingQuality@3] File [E:/Users/kalif/Documents/Unreal Projects/MyProject5/Saved/Config/Windows/Scalability.ini]
[2021.12.19-05.42.44:962][  0]LogConfig: Setting CVar [[r.PostProcessAAQuality:4]]
[2021.12.19-05.42.44:962][  0]LogConfig: Applying CVar settings from Section [ShadowQuality@3] File [E:/Users/kalif/Documents/Unreal Projects/MyProject5/Saved/Config/Windows/Scalability.ini]
[2021.12.19-05.42.44:962][  0]LogConfig: Setting CVar [[r.LightFunctionQuality:1]]
[2021.12.19-05.42.44:962][  0]LogConfig: Setting CVar [[r.ShadowQuality:5]]
[2021.12.19-05.42.44:962][  0]LogConfig: Setting CVar [[r.Shadow.CSM.MaxCascades:10]]
[2021.12.19-05.42.44:962][  0]LogConfig: Setting CVar [[r.Shadow.MaxResolution:2048]]
[2021.12.19-05.42.44:962][  0]LogConfig: Setting CVar [[r.Shadow.MaxCSMResolution:2048]]
[2021.12.19-05.42.44:962][  0]LogConfig: Setting CVar [[r.Shadow.RadiusThreshold:0.01]]
[2021.12.19-05.42.44:962][  0]LogConfig: Setting CVar [[r.Shadow.DistanceScale:1.0]]
[2021.12.19-05.42.44:962][  0]LogConfig: Setting CVar [[r.Shadow.CSM.TransitionScale:1.0]]
[2021.12.19-05.42.44:962][  0]LogConfig: Setting CVar [[r.Shadow.PreShadowResolutionFactor:1.0]]
[2021.12.19-05.42.44:962][  0]LogConfig: Setting CVar [[r.DistanceFieldShadowing:1]]
[2021.12.19-05.42.44:962][  0]LogConfig: Setting CVar [[r.DistanceFieldAO:1]]
[2021.12.19-05.42.44:962][  0]LogConfig: Setting CVar [[r.AOQuality:2]]
[2021.12.19-05.42.44:962][  0]LogConfig: Setting CVar [[r.VolumetricFog:1]]
[2021.12.19-05.42.44:962][  0]LogConfig: Setting CVar [[r.VolumetricFog.GridPixelSize:8]]
[2021.12.19-05.42.44:962][  0]LogConfig: Setting CVar [[r.VolumetricFog.GridSizeZ:128]]
[2021.12.19-05.42.44:962][  0]LogConfig: Setting CVar [[r.VolumetricFog.HistoryMissSupersampleCount:4]]
[2021.12.19-05.42.44:962][  0]LogConfig: Setting CVar [[r.LightMaxDrawDistanceScale:1]]
[2021.12.19-05.42.44:962][  0]LogConfig: Setting CVar [[r.CapsuleShadows:1]]
[2021.12.19-05.42.44:962][  0]LogConfig: Applying CVar settings from Section [PostProcessQuality@3] File [E:/Users/kalif/Documents/Unreal Projects/MyProject5/Saved/Config/Windows/Scalability.ini]
[2021.12.19-05.42.44:962][  0]LogConfig: Setting CVar [[r.MotionBlurQuality:4]]
[2021.12.19-05.42.44:962][  0]LogConfig: Setting CVar [[r.AmbientOcclusionMipLevelFactor:0.4]]
[2021.12.19-05.42.44:962][  0]LogConfig: Setting CVar [[r.AmbientOcclusionMaxQuality:100]]
[2021.12.19-05.42.44:962][  0]LogConfig: Setting CVar [[r.AmbientOcclusionLevels:-1]]
[2021.12.19-05.42.44:962][  0]LogConfig: Setting CVar [[r.AmbientOcclusionRadiusScale:1.0]]
[2021.12.19-05.42.44:962][  0]LogConfig: Setting CVar [[r.DepthOfFieldQuality:2]]
[2021.12.19-05.42.44:962][  0]LogConfig: Setting CVar [[r.RenderTargetPoolMin:400]]
[2021.12.19-05.42.44:962][  0]LogConfig: Setting CVar [[r.LensFlareQuality:2]]
[2021.12.19-05.42.44:962][  0]LogConfig: Setting CVar [[r.SceneColorFringeQuality:1]]
[2021.12.19-05.42.44:962][  0]LogConfig: Setting CVar [[r.EyeAdaptationQuality:2]]
[2021.12.19-05.42.44:962][  0]LogConfig: Setting CVar [[r.BloomQuality:5]]
[2021.12.19-05.42.44:962][  0]LogConfig: Setting CVar [[r.FastBlurThreshold:100]]
[2021.12.19-05.42.44:962][  0]LogConfig: Setting CVar [[r.Upscale.Quality:3]]
[2021.12.19-05.42.44:962][  0]LogConfig: Setting CVar [[r.Tonemapper.GrainQuantization:1]]
[2021.12.19-05.42.44:962][  0]LogConfig: Setting CVar [[r.LightShaftQuality:1]]
[2021.12.19-05.42.44:962][  0]LogConfig: Setting CVar [[r.Filter.SizeScale:1]]
[2021.12.19-05.42.44:962][  0]LogConfig: Setting CVar [[r.Tonemapper.Quality:5]]
[2021.12.19-05.42.44:962][  0]LogConfig: Setting CVar [[r.DOF.Gather.AccumulatorQuality:1        ; higher gathering accumulator quality]]
[2021.12.19-05.42.44:962][  0]LogConfig: Setting CVar [[r.DOF.Gather.PostfilterMethod:1          ; Median3x3 postfilering method]]
[2021.12.19-05.42.44:962][  0]LogConfig: Setting CVar [[r.DOF.Gather.EnableBokehSettings:0       ; no bokeh simulation when gathering]]
[2021.12.19-05.42.44:962][  0]LogConfig: Setting CVar [[r.DOF.Gather.RingCount:4                 ; medium number of samples when gathering]]
[2021.12.19-05.42.44:962][  0]LogConfig: Setting CVar [[r.DOF.Scatter.ForegroundCompositing:1    ; additive foreground scattering]]
[2021.12.19-05.42.44:962][  0]LogConfig: Setting CVar [[r.DOF.Scatter.BackgroundCompositing:2    ; additive background scattering]]
[2021.12.19-05.42.44:963][  0]LogConfig: Setting CVar [[r.DOF.Scatter.EnableBokehSettings:1      ; bokeh simulation when scattering]]
[2021.12.19-05.42.44:963][  0]LogConfig: Setting CVar [[r.DOF.Scatter.MaxSpriteRatio:0.1         ; only a maximum of 10% of scattered bokeh]]
[2021.12.19-05.42.44:963][  0]LogConfig: Setting CVar [[r.DOF.Recombine.Quality:1                ; cheap slight out of focus]]
[2021.12.19-05.42.44:963][  0]LogConfig: Setting CVar [[r.DOF.Recombine.EnableBokehSettings:0    ; no bokeh simulation on slight out of focus]]
[2021.12.19-05.42.44:963][  0]LogConfig: Setting CVar [[r.DOF.TemporalAAQuality:1                ; more stable temporal accumulation]]
[2021.12.19-05.42.44:963][  0]LogConfig: Setting CVar [[r.DOF.Kernel.MaxForegroundRadius:0.025]]
[2021.12.19-05.42.44:963][  0]LogConfig: Setting CVar [[r.DOF.Kernel.MaxBackgroundRadius:0.025]]
[2021.12.19-05.42.44:963][  0]LogConfig: Applying CVar settings from Section [TextureQuality@3] File [E:/Users/kalif/Documents/Unreal Projects/MyProject5/Saved/Config/Windows/Scalability.ini]
[2021.12.19-05.42.44:963][  0]LogConfig: Setting CVar [[r.Streaming.MipBias:0]]
[2021.12.19-05.42.44:963][  0]LogConfig: Setting CVar [[r.Streaming.AmortizeCPUToGPUCopy:0]]
[2021.12.19-05.42.44:963][  0]LogConfig: Setting CVar [[r.Streaming.MaxNumTexturesToStreamPerFrame:0]]
[2021.12.19-05.42.44:963][  0]LogConfig: Setting CVar [[r.Streaming.Boost:1]]
[2021.12.19-05.42.44:963][  0]LogConfig: Setting CVar [[r.MaxAnisotropy:8]]
[2021.12.19-05.42.44:963][  0]LogConfig: Setting CVar [[r.VT.MaxAnisotropy:8]]
[2021.12.19-05.42.44:963][  0]LogConfig: Setting CVar [[r.Streaming.LimitPoolSizeToVRAM:0]]
[2021.12.19-05.42.44:963][  0]LogConfig: Setting CVar [[r.Streaming.PoolSize:1000]]
[2021.12.19-05.42.44:963][  0]LogConfig: Setting CVar [[r.Streaming.MaxEffectiveScreenSize:0]]
[2021.12.19-05.42.44:963][  0]LogConfig: Applying CVar settings from Section [EffectsQuality@3] File [E:/Users/kalif/Documents/Unreal Projects/MyProject5/Saved/Config/Windows/Scalability.ini]
[2021.12.19-05.42.44:963][  0]LogConfig: Setting CVar [[r.TranslucencyLightingVolumeDim:64]]
[2021.12.19-05.42.44:963][  0]LogConfig: Setting CVar [[r.RefractionQuality:2]]
[2021.12.19-05.42.44:963][  0]LogConfig: Setting CVar [[r.SSR.Quality:3]]
[2021.12.19-05.42.44:963][  0]LogConfig: Setting CVar [[r.SSR.HalfResSceneColor:0]]
[2021.12.19-05.42.44:963][  0]LogConfig: Setting CVar [[r.SceneColorFormat:4]]
[2021.12.19-05.42.44:963][  0]LogConfig: Setting CVar [[r.DetailMode:2]]
[2021.12.19-05.42.44:963][  0]LogConfig: Setting CVar [[r.TranslucencyVolumeBlur:1]]
[2021.12.19-05.42.44:963][  0]LogConfig: Setting CVar [[r.MaterialQualityLevel:1 ; High quality]]
[2021.12.19-05.42.44:963][  0]LogConfig: Setting CVar [[r.AnisotropicMaterials:1]]
[2021.12.19-05.42.44:963][  0]LogConfig: Setting CVar [[r.SSS.Scale:1]]
[2021.12.19-05.42.44:963][  0]LogConfig: Setting CVar [[r.SSS.SampleSet:2]]
[2021.12.19-05.42.44:963][  0]LogConfig: Setting CVar [[r.SSS.Quality:1]]
[2021.12.19-05.42.44:964][  0]LogConfig: Setting CVar [[r.SSS.HalfRes:0]]
[2021.12.19-05.42.44:964][  0]LogConfig: Setting CVar [[r.SSGI.Quality:3]]
[2021.12.19-05.42.44:964][  0]LogConfig: Setting CVar [[r.EmitterSpawnRateScale:1.0]]
[2021.12.19-05.42.44:964][  0]LogConfig: Setting CVar [[r.ParticleLightQuality:2]]
[2021.12.19-05.42.44:964][  0]LogConfig: Setting CVar [[r.SkyAtmosphere.AerialPerspectiveLUT.FastApplyOnOpaque:1 ; Always have FastSkyLUT 1 in this case to avoid wrong sky]]
[2021.12.19-05.42.44:964][  0]LogConfig: Setting CVar [[r.SkyAtmosphere.AerialPerspectiveLUT.SampleCountMaxPerSlice:4]]
[2021.12.19-05.42.44:964][  0]LogConfig: Setting CVar [[r.SkyAtmosphere.AerialPerspectiveLUT.DepthResolution:16.0]]
[2021.12.19-05.42.44:964][  0]LogConfig: Setting CVar [[r.SkyAtmosphere.FastSkyLUT:1]]
[2021.12.19-05.42.44:964][  0]LogConfig: Setting CVar [[r.SkyAtmosphere.FastSkyLUT.SampleCountMin:4.0]]
[2021.12.19-05.42.44:964][  0]LogConfig: Setting CVar [[r.SkyAtmosphere.FastSkyLUT.SampleCountMax:128.0]]
[2021.12.19-05.42.44:964][  0]LogConfig: Setting CVar [[r.SkyAtmosphere.SampleCountMin:4.0]]
[2021.12.19-05.42.44:964][  0]LogConfig: Setting CVar [[r.SkyAtmosphere.SampleCountMax:128.0]]
[2021.12.19-05.42.44:964][  0]LogConfig: Setting CVar [[r.SkyAtmosphere.TransmittanceLUT.UseSmallFormat:0]]
[2021.12.19-05.42.44:964][  0]LogConfig: Setting CVar [[r.SkyAtmosphere.TransmittanceLUT.SampleCount:10.0]]
[2021.12.19-05.42.44:964][  0]LogConfig: Setting CVar [[r.SkyAtmosphere.MultiScatteringLUT.SampleCount:15.0]]
[2021.12.19-05.42.44:964][  0]LogConfig: Setting CVar [[r.SkyLight.RealTimeReflectionCapture:1]]
[2021.12.19-05.42.44:964][  0]LogConfig: Applying CVar settings from Section [FoliageQuality@3] File [E:/Users/kalif/Documents/Unreal Projects/MyProject5/Saved/Config/Windows/Scalability.ini]
[2021.12.19-05.42.44:964][  0]LogConfig: Setting CVar [[foliage.DensityScale:1.0]]
[2021.12.19-05.42.44:964][  0]LogConfig: Setting CVar [[grass.DensityScale:1.0]]
[2021.12.19-05.42.44:964][  0]LogConfig: Applying CVar settings from Section [ShadingQuality@3] File [E:/Users/kalif/Documents/Unreal Projects/MyProject5/Saved/Config/Windows/Scalability.ini]
[2021.12.19-05.42.44:964][  0]LogConfig: Setting CVar [[r.HairStrands.SkyLighting.IntegrationType:2]]
[2021.12.19-05.42.44:964][  0]LogConfig: Setting CVar [[r.HairStrands.SkyAO.SampleCount:4]]
[2021.12.19-05.42.44:964][  0]LogConfig: Setting CVar [[r.HairStrands.Visibility.MSAA.SamplePerPixel:4]]
[2021.12.19-05.42.44:964][  0]LogConfig: Applying CVar settings from Section [Startup] File [../../../Engine/Config/ConsoleVariables.ini]
[2021.12.19-05.42.44:965][  0]LogConfig: Setting CVar [[net.UseAdaptiveNetUpdateFrequency:0]]
[2021.12.19-05.42.44:965][  0]LogConfig: Setting CVar [[p.chaos.AllowCreatePhysxBodies:1]]
[2021.12.19-05.42.44:965][  0]LogConfig: Setting CVar [[fx.SkipVectorVMBackendOptimizations:1]]
[2021.12.19-05.42.44:965][  0]LogConfig: Applying CVar settings from Section [ConsoleVariables] File [E:/Users/kalif/Documents/Unreal Projects/MyProject5/Saved/Config/Windows/Engine.ini]
[2021.12.19-05.42.44:965][  0]LogConfig: Applying CVar settings from Section [ConsoleVariables] File [E:/Users/kalif/Documents/Unreal Projects/MyProject5/Saved/Config/Windows/Editor.ini]
[2021.12.19-05.42.44:965][  0]LogInit: Computer: DESKTOP-TMP0U5A
[2021.12.19-05.42.44:965][  0]LogInit: User: kalif
[2021.12.19-05.42.44:965][  0]LogInit: CPU Page size=4096, Cores=4
[2021.12.19-05.42.44:965][  0]LogInit: High frequency timer resolution =10.000000 MHz
[2021.12.19-05.42.44:965][  0]LogMemory: Memory total: Physical=7.9GB (8GB approx)
[2021.12.19-05.42.44:965][  0]LogMemory: Platform Memory Stats for Windows
[2021.12.19-05.42.44:965][  0]LogMemory: Process Physical Memory: 144.20 MB used, 144.20 MB peak
[2021.12.19-05.42.44:965][  0]LogMemory: Process Virtual Memory: 128.70 MB used, 128.70 MB peak
[2021.12.19-05.42.44:965][  0]LogMemory: Physical Memory: 5508.57 MB used,  2624.07 MB free, 8132.64 MB total
[2021.12.19-05.42.44:965][  0]LogMemory: Virtual Memory: 134210648.00 MB used,  7083.77 MB free, 134217728.00 MB total
[2021.12.19-05.42.44:970][  0]LogWindows: WindowsPlatformFeatures enabled
[2021.12.19-05.42.45:021][  0]LogInit: Physics initialised using underlying interface: PhysX
[2021.12.19-05.42.45:022][  0]LogInit: Using OS detected language (en-US).
[2021.12.19-05.42.45:022][  0]LogInit: Using OS detected locale (en-AU).
[2021.12.19-05.42.45:024][  0]LogTextLocalizationManager: No specific localization for 'en-US' exists, so the 'en' localization will be used.
[2021.12.19-05.42.45:288][  0]LogInit: Setting process to per monitor DPI aware
[2021.12.19-05.42.45:301][  0]LogWindowsTextInputMethodSystem: Display: IME system deactivated.
[2021.12.19-05.42.45:311][  0]LogSlate: New Slate User Created.  User Index 0, Is Virtual User: 0
[2021.12.19-05.42.45:311][  0]LogSlate: Slate User Registered.  User Index 0, Is Virtual User: 0
[2021.12.19-05.42.45:446][  0]LogD3D11RHI: Loaded GFSDK_Aftermath_Lib.x64.dll
[2021.12.19-05.42.45:972][  0]LogHMD: Failed to initialize OpenVR with code 108
[2021.12.19-05.42.45:972][  0]LogD3D11RHI: D3D11 min allowed feature level: 11_0
[2021.12.19-05.42.45:972][  0]LogD3D11RHI: D3D11 max allowed feature level: 11_0
[2021.12.19-05.42.45:972][  0]LogD3D11RHI: D3D11 adapters:
[2021.12.19-05.42.46:102][  0]LogD3D11RHI:    0. 'NVIDIA GeForce GTX 1050 Ti' (Feature Level 11_0)
[2021.12.19-05.42.46:102][  0]LogD3D11RHI:       4018/0/4066 MB DedicatedVideo/DedicatedSystem/SharedSystem, Outputs:1, VendorId:0x10de
[2021.12.19-05.42.46:104][  0]LogD3D11RHI:    1. 'Microsoft Basic Render Driver' (Feature Level 11_0)
[2021.12.19-05.42.46:104][  0]LogD3D11RHI:       0/0/4066 MB DedicatedVideo/DedicatedSystem/SharedSystem, Outputs:0, VendorId:0x1414
[2021.12.19-05.42.46:104][  0]LogD3D11RHI: Chosen D3D11 Adapter:
[2021.12.19-05.42.46:105][  0]LogD3D11RHI:     Description : NVIDIA GeForce GTX 1050 Ti
[2021.12.19-05.42.46:105][  0]LogD3D11RHI:     VendorId    : 10de
[2021.12.19-05.42.46:105][  0]LogD3D11RHI:     DeviceId    : 1c82
[2021.12.19-05.42.46:105][  0]LogD3D11RHI:     SubSysId    : 11bf10de
[2021.12.19-05.42.46:105][  0]LogD3D11RHI:     Revision    : 00a1
[2021.12.19-05.42.46:105][  0]LogD3D11RHI:     DedicatedVideoMemory : 4213178368 bytes
[2021.12.19-05.42.46:105][  0]LogD3D11RHI:     DedicatedSystemMemory : 0 bytes
[2021.12.19-05.42.46:105][  0]LogD3D11RHI:     SharedSystemMemory : 4263843840 bytes
[2021.12.19-05.42.46:105][  0]LogD3D11RHI:     AdapterLuid : 0 56821
[2021.12.19-05.42.46:110][  0]LogD3D11RHI: Creating new Direct3DDevice
[2021.12.19-05.42.46:111][  0]LogD3D11RHI:     GPU DeviceId: 0x1c82 (for the marketing name, search the web for "GPU Device Id")
[2021.12.19-05.42.46:111][  0]LogWindows: EnumDisplayDevices:
[2021.12.19-05.42.46:111][  0]LogWindows:    0. 'NVIDIA GeForce GTX 1050 Ti' (P:1 D:1)
[2021.12.19-05.42.46:111][  0]LogWindows:    1. 'NVIDIA GeForce GTX 1050 Ti' (P:0 D:0)
[2021.12.19-05.42.46:111][  0]LogWindows:    2. 'NVIDIA GeForce GTX 1050 Ti' (P:0 D:0)
[2021.12.19-05.42.46:112][  0]LogWindows:    3. 'NVIDIA GeForce GTX 1050 Ti' (P:0 D:0)
[2021.12.19-05.42.46:112][  0]LogWindows: DebugString: FoundDriverCount:4 
[2021.12.19-05.42.46:112][  0]LogD3D11RHI:     Adapter Name: NVIDIA GeForce GTX 1050 Ti
[2021.12.19-05.42.46:112][  0]LogD3D11RHI:   Driver Version: 466.63 (internal:27.21.14.6663, unified:466.63)
[2021.12.19-05.42.46:112][  0]LogD3D11RHI:      Driver Date: 5-27-2021
[2021.12.19-05.42.46:112][  0]LogRHI: Texture pool is 2812 MB (70% of 4018 MB)
[2021.12.19-05.42.46:112][  0]LogD3D11RHI: Creating D3DDevice using adapter:
[2021.12.19-05.42.46:112][  0]LogD3D11RHI:     Description : NVIDIA GeForce GTX 1050 Ti
[2021.12.19-05.42.46:112][  0]LogD3D11RHI:     VendorId    : 10de
[2021.12.19-05.42.46:112][  0]LogD3D11RHI:     DeviceId    : 1c82
[2021.12.19-05.42.46:112][  0]LogD3D11RHI:     SubSysId    : 11bf10de
[2021.12.19-05.42.46:112][  0]LogD3D11RHI:     Revision    : 00a1
[2021.12.19-05.42.46:112][  0]LogD3D11RHI:     DedicatedVideoMemory : 4213178368 bytes
[2021.12.19-05.42.46:112][  0]LogD3D11RHI:     DedicatedSystemMemory : 0 bytes
[2021.12.19-05.42.46:112][  0]LogD3D11RHI:     SharedSystemMemory : 4263843840 bytes
[2021.12.19-05.42.46:112][  0]LogD3D11RHI:     AdapterLuid : 0 56821
[2021.12.19-05.42.46:209][  0]LogD3D11RHI: RHI has support for 64 bit atomics
[2021.12.19-05.42.46:209][  0]LogD3D11RHI: Async texture creation enabled
[2021.12.19-05.42.46:209][  0]LogD3D11RHI: Array index from any shader is supported
[2021.12.19-05.42.46:228][  0]LogD3D11RHI: GPU Timing Frequency: 1000.000000 (Debug: 2 1)
[2021.12.19-05.42.46:262][  0]LogRHI: GeForceNow SDK initialized: 1
[2021.12.19-05.42.46:703][  0]LogTargetPlatformManager: Display: Loaded TargetPlatform 'AllDesktop'
[2021.12.19-05.42.46:731][  0]LogTargetPlatformManager: Display: Loaded TargetPlatform 'Android'
[2021.12.19-05.42.46:731][  0]LogTargetPlatformManager: Display: Loaded TargetPlatform 'Android_ASTC'
[2021.12.19-05.42.46:731][  0]LogTargetPlatformManager: Display: Loaded TargetPlatform 'Android_DXT'
[2021.12.19-05.42.46:731][  0]LogTargetPlatformManager: Display: Loaded TargetPlatform 'Android_ETC2'
[2021.12.19-05.42.46:731][  0]LogTargetPlatformManager: Display: Loaded TargetPlatform 'AndroidClient'
[2021.12.19-05.42.46:731][  0]LogTargetPlatformManager: Display: Loaded TargetPlatform 'Android_ASTCClient'
[2021.12.19-05.42.46:731][  0]LogTargetPlatformManager: Display: Loaded TargetPlatform 'Android_DXTClient'
[2021.12.19-05.42.46:731][  0]LogTargetPlatformManager: Display: Loaded TargetPlatform 'Android_ETC2Client'
[2021.12.19-05.42.46:731][  0]LogTargetPlatformManager: Display: Loaded TargetPlatform 'Android_Multi'
[2021.12.19-05.42.46:731][  0]LogTargetPlatformManager: Display: Loaded TargetPlatform 'Android_MultiClient'
[2021.12.19-05.42.46:751][  0]LogTargetPlatformManager: Display: Loaded TargetPlatform 'IOSClient'
[2021.12.19-05.42.46:751][  0]LogTargetPlatformManager: Display: Loaded TargetPlatform 'IOS'
[2021.12.19-05.42.46:763][  0]LogTargetPlatformManager: Display: Loaded TargetPlatform 'Linux'
[2021.12.19-05.42.46:768][  0]LogTargetPlatformManager: Display: Loaded TargetPlatform 'LinuxNoEditor'
[2021.12.19-05.42.46:773][  0]LogTargetPlatformManager: Display: Loaded TargetPlatform 'LinuxClient'
[2021.12.19-05.42.46:777][  0]LogTargetPlatformManager: Display: Loaded TargetPlatform 'LinuxServer'
[2021.12.19-05.42.46:788][  0]LogTargetPlatformManager: Display: Loaded TargetPlatform 'LinuxAArch64NoEditor'
[2021.12.19-05.42.46:793][  0]LogTargetPlatformManager: Display: Loaded TargetPlatform 'LinuxAArch64Client'
[2021.12.19-05.42.46:797][  0]LogTargetPlatformManager: Display: Loaded TargetPlatform 'LinuxAArch64Server'
[2021.12.19-05.42.46:830][  0]LogTargetPlatformManager: Display: Loaded TargetPlatform 'Lumin'
[2021.12.19-05.42.46:830][  0]LogTargetPlatformManager: Display: Loaded TargetPlatform 'LuminClient'
[2021.12.19-05.42.46:841][  0]LogTargetPlatformManager: Display: Loaded TargetPlatform 'MacNoEditor'
[2021.12.19-05.42.46:845][  0]LogTargetPlatformManager: Display: Loaded TargetPlatform 'Mac'
[2021.12.19-05.42.46:851][  0]LogTargetPlatformManager: Display: Loaded TargetPlatform 'MacClient'
[2021.12.19-05.42.46:855][  0]LogTargetPlatformManager: Display: Loaded TargetPlatform 'MacServer'
[2021.12.19-05.42.46:868][  0]LogTargetPlatformManager: Display: Loaded TargetPlatform 'TVOSClient'
[2021.12.19-05.42.46:868][  0]LogTargetPlatformManager: Display: Loaded TargetPlatform 'TVOS'
[2021.12.19-05.42.46:879][  0]LogTargetPlatformManager: Display: Loaded TargetPlatform 'WindowsNoEditor'
[2021.12.19-05.42.46:885][  0]LogTargetPlatformManager: Display: Loaded TargetPlatform 'Windows'
[2021.12.19-05.42.46:890][  0]LogTargetPlatformManager: Display: Loaded TargetPlatform 'WindowsClient'
[2021.12.19-05.42.46:895][  0]LogTargetPlatformManager: Display: Loaded TargetPlatform 'WindowsServer'
[2021.12.19-05.42.46:895][  0]LogTargetPlatformManager: Display: Building Assets For Windows
[2021.12.19-05.42.46:902][  0]LogAudioDebug: Display: Lib vorbis DLL was dynamically loaded.
[2021.12.19-05.42.46:932][  0]LogTextureFormatOodle: Display: Oodle Texture 2.9.0 init RDO Off
[2021.12.19-05.42.46:963][  0]LogRendererCore: Ray tracing is disabled. Reason: r.RayTracing=0.
[2021.12.19-05.42.46:963][  0]LogShaderCompilers: Guid format shader working directory is -17 characters bigger than the processId version (../../../../../Users/kalif/Documents/Unreal Projects/MyProject5/Intermediate/Shaders/WorkingDirectory/3528/).
[2021.12.19-05.42.46:964][  0]LogShaderCompilers: Cleaned the shader compiler working directory 'C:/Users/kalif/AppData/Local/Temp/UnrealShaderWorkingDir/22664F604EE2C755603C38A816AFB523/'.
[2021.12.19-05.42.46:964][  0]LogXGEController: Cannot use XGE Controller as Incredibuild is not installed on this machine.
[2021.12.19-05.42.46:964][  0]LogShaderCompilers: Cannot use XGE Shader Compiler as Incredibuild is not installed on this machine.
[2021.12.19-05.42.46:964][  0]LogShaderCompilers: Display: Using Local Shader Compiler.
[2021.12.19-05.42.47:906][  0]LogDerivedDataCache: Display: Max Cache Size: 512 MB
[2021.12.19-05.42.48:013][  0]LogDerivedDataCache: Loaded boot cache 0.11s 116MB C:/Users/kalif/AppData/Local/UnrealEngine/4.27/DerivedDataCache/Boot.ddc.
[2021.12.19-05.42.48:013][  0]LogDerivedDataCache: Display: Loaded Boot cache: C:/Users/kalif/AppData/Local/UnrealEngine/4.27/DerivedDataCache/Boot.ddc
[2021.12.19-05.42.48:013][  0]LogDerivedDataCache: FDerivedDataBackendGraph:  Pak pak cache file ../../../../../Users/kalif/Documents/Unreal Projects/MyProject5/DerivedDataCache/DDC.ddp not found, will not use a pak cache.
[2021.12.19-05.42.48:013][  0]LogDerivedDataCache: Unable to find inner node Pak for hierarchical cache Hierarchy.
[2021.12.19-05.42.48:013][  0]LogDerivedDataCache: FDerivedDataBackendGraph:  CompressedPak pak cache file ../../../../../Users/kalif/Documents/Unreal Projects/MyProject5/DerivedDataCache/Compressed.ddp not found, will not use a pak cache.
[2021.12.19-05.42.48:014][  0]LogDerivedDataCache: Unable to find inner node CompressedPak for hierarchical cache Hierarchy.
[2021.12.19-05.42.48:033][  0]LogDerivedDataCache: Display: Pak cache opened for reading ../../../Engine/DerivedDataCache/Compressed.ddp.
[2021.12.19-05.42.48:033][  0]LogDerivedDataCache: FDerivedDataBackendGraph:  EnterprisePak pak cache file ../../../Enterprise/DerivedDataCache/Compressed.ddp not found, will not use a pak cache.
[2021.12.19-05.42.48:033][  0]LogDerivedDataCache: Unable to find inner node EnterprisePak for hierarchical cache Hierarchy.
[2021.12.19-05.42.48:048][  0]LogDerivedDataCache: Speed tests for C:/Users/kalif/AppData/Local/UnrealEngine/Common/DerivedDataCache took 0.01 seconds
[2021.12.19-05.42.48:048][  0]LogDerivedDataCache: Display: Performance to C:/Users/kalif/AppData/Local/UnrealEngine/Common/DerivedDataCache: Latency=0.04ms. RandomReadSpeed=187.63MBs, RandomWriteSpeed=107.89MBs. Assigned SpeedClass 'Local'
[2021.12.19-05.42.48:048][  0]LogDerivedDataCache: Using Local data cache path C:/Users/kalif/AppData/Local/UnrealEngine/Common/DerivedDataCache: Writable
[2021.12.19-05.42.48:049][  0]LogDerivedDataCache: Shared data cache path not found in *engine.ini, will not use an Shared cache.
[2021.12.19-05.42.48:049][  0]LogDerivedDataCache: Unable to find inner node Shared for hierarchical cache Hierarchy.
[2021.12.19-05.42.49:035][  0]LogSlate: Using FreeType 2.10.0
[2021.12.19-05.42.49:035][  0]LogSlate: SlateFontServices - WITH_FREETYPE: 1, WITH_HARFBUZZ: 1
[2021.12.19-05.42.49:068][  0]LogAssetRegistry: FAssetRegistry took 0.0033 seconds to start up
[2021.12.19-05.42.49:346][  0]LogInit: Selected Device Profile: [Windows]
[2021.12.19-05.42.49:346][  0]LogInit: Active device profile: [000001CD6DB0C700][000001CD6527CB40 49] Windows
[2021.12.19-05.42.49:346][  0]LogInit: Profiles: [000001CD6DB0C700][000001CD6527CB40 49] Windows, [000001CD6DAC7700][000001CD6C422C80 49] WindowsNoEditor, [000001CD6DB0F300][000001CD6C426DC0 49] WindowsServer, [000001CD6DAC4F00][000001CD6C42EF40 49] WindowsClient, [000001CD6DB0F500][000001CD6C4330C0 49] IOS, [000001CD6DAB7F00][000001CD6C437240 49] iPadAir, [000001CD6DAC7B00][000001CD6C43B3C0 49] iPadAir2, [000001CD6DA80500][000001CD6C443680 49] IPadPro, [000001CD6DA80600][000001CD6C43F6C0 49] iPadAir3, [000001CD6DAB4100][000001CD6C447840 49] iPadAir4, [000001CD6DA82C00][000001CD6C44B9C0 49] iPadMini2, [000001CD6DAB6500][000001CD6C44FB40 49] iPadMini3, [000001CD6DA83400][000001CD6C452140 49] iPadMini4, [000001CD6DAB4F00][000001CD6C4562C0 49] iPadMini5, [000001CD6DA73E00][000001CD6C45E580 49] iPhone6, [000001CD6DA73F00][000001CD6C45A5C0 49] iPodTouch6, [000001CD6DB0F900][000001CD6C466880 49] iPhone7, [000001CD6DB0E100][000001CD6C4628C0 49] iPodTouch7, [000001CD6DA70400][000001CD6C46AA40 49] iPhone5S, [000001CD6DA83D00][000001CD6C42AB80 49] iPhone6Plus, [000001CD6DB0F400][000001CD6E9A0CC0 49] iPhone6S, [000001CD6DA82000][000001CD6E9A4E00 49] iPhone6SPlus, [000001CD6DB0C900][000001CD6E9A8F40 49] iPhone7Plus, [000001CD6DA80E00][000001CD6E9B10C0 49] iPhoneSE, [000001CD6DB0C200][000001CD6E9B5240 49] iPhone8, [000001CD6DA82400][000001CD6E9B93C0 49] iPhone8Plus, [000001CD6DB0DE00][000001CD6E9BD540 49] iPhoneX, [000001CD6DA83E00][000001CD6E9C16C0 49] iPhoneXS, [000001CD6DB0D600][000001CD6E9C5840 49] iPhoneXSMax, [000001CD6DA82500][000001CD6E9C99C0 49] iPhoneXR, [000001CD6DB0EA00][000001CD6E9CDB40 49] iPhone11, [000001CD6DA83A00][000001CD6E9D0140 49] iPhone11Pro, [000001CD6DB0CF00][000001CD6E9D42C0 49] iPhone11ProMax, [000001CD6DA82300][000001CD6E9D8440 49] iPhoneSE2, [000001CD6DB0E700][000001CD6E9DC5C0 49] iPhone12Mini, [000001CD6DA80700][000001CD6E9E0740 49] iPhone12, [000001CD6DB0F100][000001CD6E9E48C0 49] iPhone12Pro, [000001CD6DA83500][000001CD6E9E8A40 49] iPhone12ProMax, [000001CD6DB0C800][000001CD6E9ECBC0 49] iPadPro105, [000001CD6DA81C00][000001CD6E9F0D40 49] iPadPro129, [000001CD6DB0C300][000001CD6E9ACE80 49] iPadPro97, [000001CD6DA81D00][000001CD6E9F4FC0 49] iPadPro2_129, [000001CD6DB0CC00][000001CD6E9F9100 49] iPad5, [000001CD6DA83000][000001CD6EA01280 49] iPad6, [000001CD6DB0EC00][000001CD6EA05400 49] iPad7, [000001CD6DA82E00][000001CD6EA09580 49] iPad8, [000001CD6DB0D800][000001CD6EA0D700 49] iPadPro11, [000001CD6DA81B00][000001CD6EA11880 49] iPadPro2_11, [000001CD6DB0D500][000001CD6EA15A00 49] iPadPro3_129, [000001CD6DA82700][000001CD6EA19B80 49] iPadPro4_129, [000001CD6DB0C100][000001CD6EA1C180 49] AppleTV, [000001CD6DA82B00][000001CD6EA20300 49] AppleTV4K, [000001CD6DB0DB00][000001CD6EA24480 49] TVOS, [000001CD6DA80900][000001CD6EA28600 49] Mac, [000001CD6DB0D700][000001CD6EA2C780 49] MacClient, [000001CD6DA82F00][000001CD6EA30900 49] MacNoEditor, [000001CD6DB0CD00][000001CD6EA34A80 49] MacServer, [000001CD6DA80300][000001CD6EA38C00 49] Linux, [000001CD6DB0EE00][000001CD6EA3CD80 49] LinuxAArch64, [000001CD6DA81500][000001CD6EA40F00 49] LinuxNoEditor, [000001CD6DB0E400][000001CD6E9FD040 49] LinuxAArch64NoEditor, [000001CD6DA80200][000001CD6EA45180 49] LinuxClient, [000001CD6DB0ED00][000001CD6EA492C0 49] LinuxAArch64Client, [000001CD6DA80C00][000001CD6EA51440 49] LinuxServer, [000001CD6DB0C400][000001CD6EA555C0 49] LinuxAArch64Server, [000001CD6DA81000][000001CD6EA59740 49] Android, [000001CD6DAB7900][000001CD6EA5D8C0 49] Android_Low, [000001CD6DA71B00][000001CD6EA61A40 49] Android_Mid, [000001CD6DAB7000][000001CD6EA65BC0 49] Android_High, [000001CD6DA72300][000001CD6EA681C0 49] Android_Default, [000001CD6DAB6000][000001CD6EA6C340 49] Android_Adreno4xx, [000001CD6DA70100][000001CD6EA704C0 49] Android_Adreno5xx_Low, [000001CD6DAB4B00][000001CD6EA74640 49] Android_Adreno5xx, [000001CD6DA71800][000001CD6EA787C0 49] Android_Adreno6xx, [000001CD6DAB5100][000001CD6EA7C940 49] Android_Adreno6xx_Vulkan, [000001CD6DA70800][000001CD6EA80AC0 49] Android_Mali_T6xx, [000001CD6DAB7600][000001CD6EA84C40 49] Android_Mali_T7xx, [000001CD6DA70D00][000001CD6EA88DC0 49] Android_Mali_T8xx, [000001CD6DAB7C00][000001CD6EA8CF40 49] Android_Mali_G71, [000001CD6DA71500][000001CD6EA910C0 49] Android_Mali_G72, [000001CD6DAB7E00][000001CD6EA4D200 49] Android_Mali_G72_Vulkan, [000001CD6DA73D00][000001CD6EA95340 49] Android_Mali_G76, [000001CD6DAB7A00][000001CD6EA99480 49] Android_Mali_G76_Vulkan, [000001CD6DA73600][000001CD6EA9D5C0 49] Android_Mali_G77, [000001CD6DAB6200][000001CD6EAA5740 49] Android_Mali_G77_Vulkan, [000001CD6DA71200][000001CD6EAA98C0 49] Android_Mali_G78, [000001CD6DAB4A00][000001CD6EAADA40 49] Android_Mali_G78_Vulkan, [000001CD6DA73000][000001CD6EAB1BC0 49] Android_Mali_G710, [000001CD6DAB5400][000001CD6EAB41C0 49] Android_Mali_G710_Vulkan, [000001CD6DA70700][000001CD6EAB8340 49] Android_Vulkan_SM5, [000001CD6DAB5800][000001CD6EABC4C0 49] Android_PowerVR_G6xxx, [000001CD6DA70E00][000001CD6EAC0640 49] Android_PowerVR_GT7xxx, [000001CD6DAB4200][000001CD6EBD67C0 49] Android_PowerVR_GE8xxx, [000001CD6DA70600][000001CD6EBDE940 49] Android_PowerVR_GM9xxx, [000001CD6DAB6600][000001CD6EBE2AC0 49] Android_PowerVR_GM9xxx_Vulkan, [000001CD6DA80F00][000001CD6EBE6C40 49] Android_TegraK1, [000001CD6DAB6A00][000001CD6EBEADC0 49] Android_Unknown_Vulkan, [000001CD6DA80D00][000001CD6EBEEF40 49] Lumin, [000001CD6DAB5200][000001CD6EBF30C0 49] Lumin_Desktop, [000001CD6DA80B00][000001CD6EBF7240 49] HoloLens, 
[2021.12.19-05.42.49:557][  0]LogMeshReduction: Using QuadricMeshReduction for automatic static mesh reduction
[2021.12.19-05.42.49:557][  0]LogMeshReduction: Using SimplygonMeshReduction for automatic skeletal mesh reduction
[2021.12.19-05.42.49:557][  0]LogMeshReduction: Using ProxyLODMeshReduction for automatic mesh merging
[2021.12.19-05.42.49:557][  0]LogMeshReduction: No distributed automatic mesh merging module available
[2021.12.19-05.42.49:557][  0]LogMeshMerging: No distributed automatic mesh merging module available
[2021.12.19-05.42.49:576][  0]LogNetVersion: MyProject5 1.0.0, NetCL: 17155196, EngineNetVer: 17, GameNetVer: 0 (Checksum: 2019009335)
[2021.12.19-05.42.50:247][  0]LogTexture: Default maximum texture size for cubemaps generated from long-lat sources has been changed from 512 to unlimited. In order to preserve old behaiour for '/Engine/MapTemplates/Sky/DaylightAmbientCubemap.DaylightAmbientCubemap', its maximum texture size has been explicitly set to 512.
[2021.12.19-05.42.50:356][  0]LogHMD: PokeAHoleMaterial loaded successfully
[2021.12.19-05.42.50:364][  0]LogUObjectArray: 17178 objects as part of root set at end of initial load.
[2021.12.19-05.42.50:364][  0]LogUObjectAllocator: 4301856 out of 0 bytes used by permanent object pool.
[2021.12.19-05.42.50:364][  0]LogUObjectArray: CloseDisregardForGC: 0/0 objects in disregard for GC pool
[2021.12.19-05.42.50:857][  0]LogNiagaraDebuggerClient: Niagara Debugger Client Initialized | Session: 183B47A4453F3750FB1EAE922D4EF76D | Instance: 39FDB1A1497F0328E7B8018716475164 (DESKTOP-TMP0U5A-3528).
[2021.12.19-05.42.50:877][  0]LogImageWrapper: Warning: PNG Warning: Duplicate iCCP chunk
[2021.12.19-05.42.50:877][  0]LogImageWrapper: Warning: PNG Warning: Duplicate iCCP chunk
[2021.12.19-05.42.50:893][  0]LogPython: Using Python 3.7.7
[2021.12.19-05.42.51:663][  0]LogTcpMessaging: Initializing TcpMessaging bridge
[2021.12.19-05.42.51:668][  0]LogUdpMessaging: Initializing bridge on interface 0.0.0.0:0 to multicast group 230.0.0.1:6666.
[2021.12.19-05.42.51:838][  0]SourceControl: Source control is disabled
[2021.12.19-05.42.51:838][  0]SourceControl: Source control is disabled
[2021.12.19-05.42.51:841][  0]SourceControl: Source control is disabled
[2021.12.19-05.42.51:844][  0]SourceControl: Source control is disabled
[2021.12.19-05.42.51:854][  0]SourceControl: Source control is disabled
[2021.12.19-05.42.51:860][  0]LogUProjectInfo: Found projects:
[2021.12.19-05.42.52:145][  0]LogOpenImageDenoise: OIDN starting up
[2021.12.19-05.42.52:189][  0]LogAndroidPermission: UAndroidPermissionCallbackProxy::GetInstance
[2021.12.19-05.42.52:213][  0]LogAudioCaptureCore: Display: No Audio Capture implementations found. Audio input will be silent.
[2021.12.19-05.42.52:213][  0]LogAudioCaptureCore: Display: No Audio Capture implementations found. Audio input will be silent.
[2021.12.19-05.42.52:382][  0]LogCollectionManager: Loaded 0 collections in 0.000863 seconds
[2021.12.19-05.42.52:421][  0]LogFileCache: Scanning file cache for directory 'E:/Users/kalif/Documents/Unreal Projects/MyProject5/Saved/Collections/' took 0.00s
[2021.12.19-05.42.52:421][  0]LogFileCache: Scanning file cache for directory 'E:/Users/kalif/Documents/Unreal Projects/MyProject5/Content/Developers/kalif/Collections/' took 0.00s
[2021.12.19-05.42.52:421][  0]LogFileCache: Scanning file cache for directory 'E:/Users/kalif/Documents/Unreal Projects/MyProject5/Content/Collections/' took 0.00s
[2021.12.19-05.42.52:421][  0]LogOcInput: OculusInput pre-init called
[2021.12.19-05.42.52:634][  0]LogImageWrapper: Warning: PNG Warning: Duplicate iCCP chunk
[2021.12.19-05.42.52:634][  0]LogImageWrapper: Warning: PNG Warning: Duplicate iCCP chunk
[2021.12.19-05.42.52:754][  0]LogEngine: Initializing Engine...
[2021.12.19-05.42.52:980][  0]LogHMD: Failed to initialize OpenVR with code 108
[2021.12.19-05.42.53:308][  0]LogHMD: Optional extension XR_VARJO_quad_views is not available
[2021.12.19-05.42.53:331][  0]LogHMD: Warning: Required extension XR_EXT_eye_gaze_interaction is not available
[2021.12.19-05.42.53:331][  0]LogHMD: Could not enable all required OpenXR extensions for OpenXREyeTracker on current system. This plugin will be loaded but ignored, but will be enabled on a target platform that supports the required extension.
[2021.12.19-05.42.53:990][  0]LogHMD: Failed to get an OpenXR system, result is XR_ERROR_FORM_FACTOR_UNAVAILABLE. Please check that your runtime supports VR headsets.
[2021.12.19-05.42.54:005][  0]LogMagicLeap: Warning: VR disabled because ZI is not enabled.  To enable, in the editor, Edit -> Project Settings -> Plugins -> Magic Leap Plugin -> Enable Zero Iteration
[2021.12.19-05.42.54:020][  0]LogStats: UGameplayTagsManager::InitializeManager -  0.000 s
[2021.12.19-05.42.54:404][  0]LogInit: Initializing FReadOnlyCVARCache
[2021.12.19-05.42.54:414][  0]LogAIModule: Creating AISystem for world Untitled
[2021.12.19-05.42.54:437][  0]LogAudio: Display: Initializing Audio Device Manager...
[2021.12.19-05.42.54:442][  0]LogAudio: Display: Loading Default Audio Settings Objects...
[2021.12.19-05.42.54:443][  0]LogAudio: Display: No default SoundConcurrencyObject specified (or failed to load).
[2021.12.19-05.42.54:443][  0]LogAudio: Display: Audio Device Manager Initialized
[2021.12.19-05.42.54:443][  0]LogAudio: Display: Creating Audio Device:                 Id: 1, Scope: Shared, Realtime: True
[2021.12.19-05.42.54:444][  0]LogAudioMixer: Display: Audio Mixer Platform Settings:
[2021.12.19-05.42.54:444][  0]LogAudioMixer: Display: 	Sample Rate:						  48000
[2021.12.19-05.42.54:444][  0]LogAudioMixer: Display: 	Callback Buffer Frame Size Requested: 1024
[2021.12.19-05.42.54:444][  0]LogAudioMixer: Display: 	Callback Buffer Frame Size To Use:	  1024
[2021.12.19-05.42.54:444][  0]LogAudioMixer: Display: 	Number of buffers to queue:			  2
[2021.12.19-05.42.54:444][  0]LogAudioMixer: Display: 	Max Channels (voices):				  32
[2021.12.19-05.42.54:444][  0]LogAudioMixer: Display: 	Number of Async Source Workers:		  0
[2021.12.19-05.42.54:444][  0]LogAudio: Display: AudioDevice MaxSources: 32
[2021.12.19-05.42.54:444][  0]LogAudio: Display: Audio Spatialization Plugin: None (built-in).
[2021.12.19-05.42.54:444][  0]LogAudio: Display: Audio Reverb Plugin: None (built-in).
[2021.12.19-05.42.54:444][  0]LogAudio: Display: Audio Occlusion Plugin: None (built-in).
[2021.12.19-05.42.54:444][  0]LogAudioMixer: Display: Initializing audio mixer.
[2021.12.19-05.42.54:462][  0]LogAudioMixer: Display: 0: FrontLeft
[2021.12.19-05.42.54:462][  0]LogAudioMixer: Display: 1: FrontRight
[2021.12.19-05.42.54:476][  0]LogAudioMixer: Display: Using Audio Device Speakers (Realtek High Definition Audio)
[2021.12.19-05.42.54:482][  0]LogAudioMixer: Display: Initializing Sound Submixes...
[2021.12.19-05.42.54:484][  0]LogAudioMixer: Display: Creating Master Submix 'MasterSubmixDefault'
[2021.12.19-05.42.54:484][  0]LogAudioMixer: Display: Creating Master Submix 'MasterReverbSubmixDefault'
[2021.12.19-05.42.54:486][  0]LogAudioMixer: Display: Creating Master Submix 'MasterEQSubmixDefault'
[2021.12.19-05.42.54:486][  0]LogAudioMixer: FMixerPlatformXAudio2::StartAudioStream() called
[2021.12.19-05.42.54:486][  0]LogAudioMixer: Display: Output buffers initialized: Frames=1024, Channels=2, Samples=2048
[2021.12.19-05.42.54:487][  0]LogAudioMixer: Display: Starting AudioMixerPlatformInterface::RunInternal()
[2021.12.19-05.42.54:487][  0]LogAudioMixer: Display: FMixerPlatformXAudio2::SubmitBuffer() called for the first time
[2021.12.19-05.42.54:487][  0]LogInit: FAudioDevice initialized.
[2021.12.19-05.42.54:487][  0]LogAudio: Display: Audio Device (ID: 1) registered with world 'Untitled'.
[2021.12.19-05.42.54:487][  0]LogNetVersion: Set ProjectVersion to 1.0.0.0. Version Checksum will be recalculated on next use.
[2021.12.19-05.42.54:601][  0]LogDerivedDataCache: Saved boot cache 0.11s 116MB C:/Users/kalif/AppData/Local/UnrealEngine/4.27/DerivedDataCache/Boot.ddc.
[2021.12.19-05.42.54:601][  0]LogInit: Texture streaming: Enabled
[2021.12.19-05.42.54:614][  0]LogAnalytics: Display: [UEEditor.Rocket.Release] APIServer = https://datarouter.ol.epicgames.com/. AppVersion = 4.27.1-17735300+++UE4+Release-4.27
[2021.12.19-05.42.54:618][  0]LogEngineSessionManager: EngineSessionManager initialized
[2021.12.19-05.42.54:618][  0]LogEditorSessionSummary: Verbose: Initializing EditorSessionSummaryWriter for editor session tracking
[2021.12.19-05.42.54:620][  0]LogEditorSessionSummary: EditorSessionSummaryWriter initialized
[2021.12.19-05.42.54:655][  0]LogInit: Transaction tracking system initialized
[2021.12.19-05.42.54:679][  0]BlueprintLog: New page: Editor Load
[2021.12.19-05.42.54:737][  0]LocalizationService: Localization service is disabled
[2021.12.19-05.42.54:875][  0]TimingProfiler: Initialize
[2021.12.19-05.42.54:875][  0]TimingProfiler: OnSessionChanged
[2021.12.19-05.42.54:875][  0]LoadingProfiler: Initialize
[2021.12.19-05.42.54:875][  0]LoadingProfiler: OnSessionChanged
[2021.12.19-05.42.54:875][  0]NetworkingProfiler: Initialize
[2021.12.19-05.42.54:875][  0]NetworkingProfiler: OnSessionChanged
[2021.12.19-05.42.54:876][  0]MemoryProfiler: Initialize
[2021.12.19-05.42.54:876][  0]MemoryProfiler: OnSessionChanged
[2021.12.19-05.42.55:622][  0]LogCook: Display: CookSettings for Memory: MemoryMaxUsedVirtual 0MiB, MemoryMaxUsedPhysical 16384MiB, MemoryMinFreeVirtual 0MiB, MemoryMinFreePhysical 1024MiB
[2021.12.19-05.42.55:622][  0]LogCook: Display: Mobile HDR setting 1
[2021.12.19-05.42.55:626][  0]LogFileCache: Scanning file cache for directory 'E:/Users/kalif/Documents/Unreal Projects/MyProject5/Content/' took 0.02s
[2021.12.19-05.42.55:626][  0]LogLinker: Warning: Failed to load '/Engine/BasicShapes/Cube': Can't find file.
[2021.12.19-05.42.55:627][  0]LogLinker: Warning: Failed to load '/Engine/BasicShapes/Cube': Can't find file.
[2021.12.19-05.42.55:627][  0]LogUObjectGlobals: Warning: Failed to find object 'StaticMesh /Engine/BasicShapes/Cube.Cube'
[2021.12.19-05.42.56:052][  0]LogImageWrapper: Warning: PNG Warning: Duplicate iCCP chunk
[2021.12.19-05.42.56:052][  0]LogImageWrapper: Warning: PNG Warning: Duplicate iCCP chunk
[2021.12.19-05.42.56:052][  0]LogInit: Display: Engine is initialized. Leaving FEngineLoop::Init()
[2021.12.19-05.42.56:055][  0]SourceControl: Source control is disabled
[2021.12.19-05.42.56:055][  0]LogUnrealEdMisc: Loading editor; pre map load, took 13.763
[2021.12.19-05.42.56:055][  0]Cmd: MAP LOAD FILE="../../../../../Users/kalif/Documents/Unreal Projects/MyProject5/Content/StarterContent/Maps/Minimal_Default.umap" TEMPLATE=0 SHOWPROGRESS=1 FEATURELEVEL=3
[2021.12.19-05.42.56:107][  0]LightingResults: New page: Lighting Build
[2021.12.19-05.42.56:108][  0]LogWorld: UWorld::CleanupWorld for Untitled, bSessionEnded=true, bCleanupResources=true
[2021.12.19-05.42.56:108][  0]LogSlate: InvalidateAllWidgets triggered.  All widgets were invalidated
[2021.12.19-05.42.56:108][  0]MapCheck: New page: Map Check
[2021.12.19-05.42.56:108][  0]LightingResults: New page: Lighting Build
[2021.12.19-05.42.56:116][  0]LogAudio: Display: Audio Device unregistered from world 'None'.
[2021.12.19-05.42.56:119][  0]LogUObjectHash: Compacting FUObjectHashTables data took   1.01ms
[2021.12.19-05.42.57:884][  0]LogTexture: Display: Building textures: DeprecatedTextureD6C57B644F03DADF4F2699848FAEA3C3 (BGRA8, 128X128)
[2021.12.19-05.42.57:891][  0]LogTexture: Display: Building textures: DeprecatedTexture8D91C9AE4C6B8D628CDA3C848426284A (BGRA8, 128X128)
[2021.12.19-05.42.58:062][  0]LogAudio: Display: Audio Device (ID: 1) registered with world 'Minimal_Default'.
[2021.12.19-05.42.58:063][  0]LogAIModule: Creating AISystem for world Minimal_Default
[2021.12.19-05.42.58:305][  0]LogEditorServer: Finished looking for orphan Actors (0.000 secs)
[2021.12.19-05.42.58:373][  0]LogUObjectHash: Compacting FUObjectHashTables data took   0.87ms
[2021.12.19-05.42.58:373][  0]Cmd: MAP CHECKDEP NOCLEARLOG
[2021.12.19-05.42.58:374][  0]MapCheck: Map check complete: 0 Error(s), 0 Warning(s), took 0.108ms to complete.
[2021.12.19-05.42.58:374][  0]LogFileHelpers: Loading map 'Minimal_Default' took 2.319
[2021.12.19-05.42.58:396][  0]LogUnrealEdMisc: Total Editor Startup Time, took 16.104
[2021.12.19-05.43.00:195][  0]LogSlate: Updating window title bar state: overlay mode, drag disabled, window buttons hidden, title bar hidden
[2021.12.19-05.43.00:216][  0]LogSlate: Updating window title bar state: overlay mode, drag disabled, window buttons hidden, title bar hidden
[2021.12.19-05.43.00:224][  0]LogSlate: Updating window title bar state: overlay mode, drag disabled, window buttons hidden, title bar hidden
[2021.12.19-05.43.00:232][  0]LogSlate: Updating window title bar state: overlay mode, drag disabled, window buttons hidden, title bar hidden
[2021.12.19-05.43.00:809][  0]LogNativeClassHierarchy: Verbose: Native class hierarchy populated in 0.0366 seconds. Added 3822 classes and 928 folders.
[2021.12.19-05.43.01:036][  0]LogNativeClassHierarchy: Verbose: Native class hierarchy updated for 'WidgetCarousel' in 0.0003 seconds. Added 0 classes and 0 folders.
[2021.12.19-05.43.01:364][  0]LogPakFile: PakFile PrimaryIndexSize=187
[2021.12.19-05.43.01:364][  0]LogPakFile: PakFile PathHashIndexSize=101
[2021.12.19-05.43.01:364][  0]LogPakFile: PakFile FullDirectoryIndexSize=148
[2021.12.19-05.43.01:416][  0]LogShaderLibrary: Display: ShaderCodeLibraryPakFileMountedCallback: PakFile 'E:/Program Files/UE_4.27/FeaturePacks/FP_FirstPerson.upack' (chunk index -1, root 'root:/') mounted
[2021.12.19-05.43.01:417][  0]LogShaderLibrary: Display: ShaderCodeLibraryPakFileMountedCallback: pending pak file info (ChunkID:-1 Root:root:/ File:E:/Program Files/UE_4.27/FeaturePacks/FP_FirstPerson.upack)
[2021.12.19-05.43.01:448][  0]LogPakFile: OnPakFileMounted2Time == 0.083800
[2021.12.19-05.43.01:532][  0]LogPakFile: PakFile PrimaryIndexSize=189
[2021.12.19-05.43.01:532][  0]LogPakFile: PakFile PathHashIndexSize=101
[2021.12.19-05.43.01:532][  0]LogPakFile: PakFile FullDirectoryIndexSize=152
[2021.12.19-05.43.01:532][  0]LogShaderLibrary: Display: ShaderCodeLibraryPakFileMountedCallback: PakFile 'E:/Program Files/UE_4.27/FeaturePacks/FP_FirstPersonBP.upack' (chunk index -1, root 'root:/') mounted
[2021.12.19-05.43.01:532][  0]LogShaderLibrary: Display: ShaderCodeLibraryPakFileMountedCallback: pending pak file info (ChunkID:-1 Root:root:/ File:E:/Program Files/UE_4.27/FeaturePacks/FP_FirstPersonBP.upack)
[2021.12.19-05.43.01:532][  0]LogPakFile: OnPakFileMounted2Time == 0.000143
[2021.12.19-05.43.01:578][  0]LogPakFile: PakFile PrimaryIndexSize=191
[2021.12.19-05.43.01:578][  0]LogPakFile: PakFile PathHashIndexSize=101
[2021.12.19-05.43.01:578][  0]LogPakFile: PakFile FullDirectoryIndexSize=160
[2021.12.19-05.43.01:578][  0]LogShaderLibrary: Display: ShaderCodeLibraryPakFileMountedCallback: PakFile 'E:/Program Files/UE_4.27/FeaturePacks/MobileStarterContent.upack' (chunk index -1, root 'root:/') mounted
[2021.12.19-05.43.01:578][  0]LogShaderLibrary: Display: ShaderCodeLibraryPakFileMountedCallback: pending pak file info (ChunkID:-1 Root:root:/ File:E:/Program Files/UE_4.27/FeaturePacks/MobileStarterContent.upack)
[2021.12.19-05.43.01:578][  0]LogPakFile: OnPakFileMounted2Time == 0.000056
[2021.12.19-05.43.01:596][  0]LogPakFile: PakFile PrimaryIndexSize=185
[2021.12.19-05.43.01:596][  0]LogPakFile: PakFile PathHashIndexSize=101
[2021.12.19-05.43.01:596][  0]LogPakFile: PakFile FullDirectoryIndexSize=148
[2021.12.19-05.43.01:596][  0]LogShaderLibrary: Display: ShaderCodeLibraryPakFileMountedCallback: PakFile 'E:/Program Files/UE_4.27/FeaturePacks/StarterContent.upack' (chunk index -1, root 'root:/') mounted
[2021.12.19-05.43.01:596][  0]LogShaderLibrary: Display: ShaderCodeLibraryPakFileMountedCallback: pending pak file info (ChunkID:-1 Root:root:/ File:E:/Program Files/UE_4.27/FeaturePacks/StarterContent.upack)
[2021.12.19-05.43.01:596][  0]LogPakFile: OnPakFileMounted2Time == 0.000050
[2021.12.19-05.43.01:655][  0]LogPakFile: PakFile PrimaryIndexSize=190
[2021.12.19-05.43.01:655][  0]LogPakFile: PakFile PathHashIndexSize=101
[2021.12.19-05.43.01:655][  0]LogPakFile: PakFile FullDirectoryIndexSize=154
[2021.12.19-05.43.01:655][  0]LogShaderLibrary: Display: ShaderCodeLibraryPakFileMountedCallback: PakFile 'E:/Program Files/UE_4.27/FeaturePacks/TP_2DSideScroller.upack' (chunk index -1, root 'root:/') mounted
[2021.12.19-05.43.01:655][  0]LogShaderLibrary: Display: ShaderCodeLibraryPakFileMountedCallback: pending pak file info (ChunkID:-1 Root:root:/ File:E:/Program Files/UE_4.27/FeaturePacks/TP_2DSideScroller.upack)
[2021.12.19-05.43.01:655][  0]LogPakFile: OnPakFileMounted2Time == 0.000049
[2021.12.19-05.43.01:673][  0]LogPakFile: PakFile PrimaryIndexSize=192
[2021.12.19-05.43.01:673][  0]LogPakFile: PakFile PathHashIndexSize=101
[2021.12.19-05.43.01:673][  0]LogPakFile: PakFile FullDirectoryIndexSize=158
[2021.12.19-05.43.01:673][  0]LogShaderLibrary: Display: ShaderCodeLibraryPakFileMountedCallback: PakFile 'E:/Program Files/UE_4.27/FeaturePacks/TP_2DSideScrollerBP.upack' (chunk index -1, root 'root:/') mounted
[2021.12.19-05.43.01:673][  0]LogShaderLibrary: Display: ShaderCodeLibraryPakFileMountedCallback: pending pak file info (ChunkID:-1 Root:root:/ File:E:/Program Files/UE_4.27/FeaturePacks/TP_2DSideScrollerBP.upack)
[2021.12.19-05.43.01:673][  0]LogPakFile: OnPakFileMounted2Time == 0.000049
[2021.12.19-05.43.01:742][  0]LogPakFile: PakFile PrimaryIndexSize=182
[2021.12.19-05.43.01:742][  0]LogPakFile: PakFile PathHashIndexSize=101
[2021.12.19-05.43.01:742][  0]LogPakFile: PakFile FullDirectoryIndexSize=138
[2021.12.19-05.43.01:742][  0]LogShaderLibrary: Display: ShaderCodeLibraryPakFileMountedCallback: PakFile 'E:/Program Files/UE_4.27/FeaturePacks/TP_Flying.upack' (chunk index -1, root 'root:/') mounted
[2021.12.19-05.43.01:742][  0]LogShaderLibrary: Display: ShaderCodeLibraryPakFileMountedCallback: pending pak file info (ChunkID:-1 Root:root:/ File:E:/Program Files/UE_4.27/FeaturePacks/TP_Flying.upack)
[2021.12.19-05.43.01:742][  0]LogPakFile: OnPakFileMounted2Time == 0.000048
[2021.12.19-05.43.01:772][  0]LogPakFile: PakFile PrimaryIndexSize=184
[2021.12.19-05.43.01:772][  0]LogPakFile: PakFile PathHashIndexSize=101
[2021.12.19-05.43.01:772][  0]LogPakFile: PakFile FullDirectoryIndexSize=142
[2021.12.19-05.43.01:773][  0]LogShaderLibrary: Display: ShaderCodeLibraryPakFileMountedCallback: PakFile 'E:/Program Files/UE_4.27/FeaturePacks/TP_FlyingBP.upack' (chunk index -1, root 'root:/') mounted
[2021.12.19-05.43.01:773][  0]LogShaderLibrary: Display: ShaderCodeLibraryPakFileMountedCallback: pending pak file info (ChunkID:-1 Root:root:/ File:E:/Program Files/UE_4.27/FeaturePacks/TP_FlyingBP.upack)
[2021.12.19-05.43.01:773][  0]LogPakFile: OnPakFileMounted2Time == 0.000049
[2021.12.19-05.43.01:801][  0]LogPakFile: PakFile PrimaryIndexSize=188
[2021.12.19-05.43.01:801][  0]LogPakFile: PakFile PathHashIndexSize=101
[2021.12.19-05.43.01:801][  0]LogPakFile: PakFile FullDirectoryIndexSize=150
[2021.12.19-05.43.01:801][  0]LogShaderLibrary: Display: ShaderCodeLibraryPakFileMountedCallback: PakFile 'E:/Program Files/UE_4.27/FeaturePacks/TP_HandheldARBP.upack' (chunk index -1, root 'root:/') mounted
[2021.12.19-05.43.01:801][  0]LogShaderLibrary: Display: ShaderCodeLibraryPakFileMountedCallback: pending pak file info (ChunkID:-1 Root:root:/ File:E:/Program Files/UE_4.27/FeaturePacks/TP_HandheldARBP.upack)
[2021.12.19-05.43.01:801][  0]LogPakFile: OnPakFileMounted2Time == 0.000057
[2021.12.19-05.43.01:887][  0]LogPakFile: PakFile PrimaryIndexSize=182
[2021.12.19-05.43.01:887][  0]LogPakFile: PakFile PathHashIndexSize=101
[2021.12.19-05.43.01:887][  0]LogPakFile: PakFile FullDirectoryIndexSize=138
[2021.12.19-05.43.01:887][  0]LogShaderLibrary: Display: ShaderCodeLibraryPakFileMountedCallback: PakFile 'E:/Program Files/UE_4.27/FeaturePacks/TP_Puzzle.upack' (chunk index -1, root 'root:/') mounted
[2021.12.19-05.43.01:887][  0]LogShaderLibrary: Display: ShaderCodeLibraryPakFileMountedCallback: pending pak file info (ChunkID:-1 Root:root:/ File:E:/Program Files/UE_4.27/FeaturePacks/TP_Puzzle.upack)
[2021.12.19-05.43.01:887][  0]LogPakFile: OnPakFileMounted2Time == 0.000051
[2021.12.19-05.43.01:921][  0]LogPakFile: PakFile PrimaryIndexSize=184
[2021.12.19-05.43.01:921][  0]LogPakFile: PakFile PathHashIndexSize=101
[2021.12.19-05.43.01:921][  0]LogPakFile: PakFile FullDirectoryIndexSize=142
[2021.12.19-05.43.01:921][  0]LogShaderLibrary: Display: ShaderCodeLibraryPakFileMountedCallback: PakFile 'E:/Program Files/UE_4.27/FeaturePacks/TP_PuzzleBP.upack' (chunk index -1, root 'root:/') mounted
[2021.12.19-05.43.01:921][  0]LogShaderLibrary: Display: ShaderCodeLibraryPakFileMountedCallback: pending pak file info (ChunkID:-1 Root:root:/ File:E:/Program Files/UE_4.27/FeaturePacks/TP_PuzzleBP.upack)
[2021.12.19-05.43.01:921][  0]LogPakFile: OnPakFileMounted2Time == 0.000048
[2021.12.19-05.43.01:949][  0]LogPakFile: PakFile PrimaryIndexSize=183
[2021.12.19-05.43.01:950][  0]LogPakFile: PakFile PathHashIndexSize=101
[2021.12.19-05.43.01:950][  0]LogPakFile: PakFile FullDirectoryIndexSize=140
[2021.12.19-05.43.01:950][  0]LogShaderLibrary: Display: ShaderCodeLibraryPakFileMountedCallback: PakFile 'E:/Program Files/UE_4.27/FeaturePacks/TP_Rolling.upack' (chunk index -1, root 'root:/') mounted
[2021.12.19-05.43.01:950][  0]LogShaderLibrary: Display: ShaderCodeLibraryPakFileMountedCallback: pending pak file info (ChunkID:-1 Root:root:/ File:E:/Program Files/UE_4.27/FeaturePacks/TP_Rolling.upack)
[2021.12.19-05.43.01:950][  0]LogPakFile: OnPakFileMounted2Time == 0.000059
[2021.12.19-05.43.02:004][  0]LogPakFile: PakFile PrimaryIndexSize=185
[2021.12.19-05.43.02:004][  0]LogPakFile: PakFile PathHashIndexSize=101
[2021.12.19-05.43.02:004][  0]LogPakFile: PakFile FullDirectoryIndexSize=144
[2021.12.19-05.43.02:004][  0]LogShaderLibrary: Display: ShaderCodeLibraryPakFileMountedCallback: PakFile 'E:/Program Files/UE_4.27/FeaturePacks/TP_RollingBP.upack' (chunk index -1, root 'root:/') mounted
[2021.12.19-05.43.02:004][  0]LogShaderLibrary: Display: ShaderCodeLibraryPakFileMountedCallback: pending pak file info (ChunkID:-1 Root:root:/ File:E:/Program Files/UE_4.27/FeaturePacks/TP_RollingBP.upack)
[2021.12.19-05.43.02:004][  0]LogPakFile: OnPakFileMounted2Time == 0.000048
[2021.12.19-05.43.02:024][  0]LogPakFile: PakFile PrimaryIndexSize=188
[2021.12.19-05.43.02:024][  0]LogPakFile: PakFile PathHashIndexSize=101
[2021.12.19-05.43.02:024][  0]LogPakFile: PakFile FullDirectoryIndexSize=150
[2021.12.19-05.43.02:024][  0]LogShaderLibrary: Display: ShaderCodeLibraryPakFileMountedCallback: PakFile 'E:/Program Files/UE_4.27/FeaturePacks/TP_SideScroller.upack' (chunk index -1, root 'root:/') mounted
[2021.12.19-05.43.02:024][  0]LogShaderLibrary: Display: ShaderCodeLibraryPakFileMountedCallback: pending pak file info (ChunkID:-1 Root:root:/ File:E:/Program Files/UE_4.27/FeaturePacks/TP_SideScroller.upack)
[2021.12.19-05.43.02:024][  0]LogPakFile: OnPakFileMounted2Time == 0.000048
[2021.12.19-05.43.02:041][  0]LogPakFile: PakFile PrimaryIndexSize=190
[2021.12.19-05.43.02:041][  0]LogPakFile: PakFile PathHashIndexSize=101
[2021.12.19-05.43.02:041][  0]LogPakFile: PakFile FullDirectoryIndexSize=154
[2021.12.19-05.43.02:041][  0]LogShaderLibrary: Display: ShaderCodeLibraryPakFileMountedCallback: PakFile 'E:/Program Files/UE_4.27/FeaturePacks/TP_SideScrollerBP.upack' (chunk index -1, root 'root:/') mounted
[2021.12.19-05.43.02:041][  0]LogShaderLibrary: Display: ShaderCodeLibraryPakFileMountedCallback: pending pak file info (ChunkID:-1 Root:root:/ File:E:/Program Files/UE_4.27/FeaturePacks/TP_SideScrollerBP.upack)
[2021.12.19-05.43.02:041][  0]LogPakFile: OnPakFileMounted2Time == 0.000051
[2021.12.19-05.43.02:061][  0]LogPakFile: PakFile PrimaryIndexSize=187
[2021.12.19-05.43.02:061][  0]LogPakFile: PakFile PathHashIndexSize=101
[2021.12.19-05.43.02:061][  0]LogPakFile: PakFile FullDirectoryIndexSize=148
[2021.12.19-05.43.02:061][  0]LogShaderLibrary: Display: ShaderCodeLibraryPakFileMountedCallback: PakFile 'E:/Program Files/UE_4.27/FeaturePacks/TP_ThirdPerson.upack' (chunk index -1, root 'root:/') mounted
[2021.12.19-05.43.02:061][  0]LogShaderLibrary: Display: ShaderCodeLibraryPakFileMountedCallback: pending pak file info (ChunkID:-1 Root:root:/ File:E:/Program Files/UE_4.27/FeaturePacks/TP_ThirdPerson.upack)
[2021.12.19-05.43.02:061][  0]LogPakFile: OnPakFileMounted2Time == 0.000060
[2021.12.19-05.43.02:079][  0]LogPakFile: PakFile PrimaryIndexSize=189
[2021.12.19-05.43.02:079][  0]LogPakFile: PakFile PathHashIndexSize=101
[2021.12.19-05.43.02:079][  0]LogPakFile: PakFile FullDirectoryIndexSize=152
[2021.12.19-05.43.02:079][  0]LogShaderLibrary: Display: ShaderCodeLibraryPakFileMountedCallback: PakFile 'E:/Program Files/UE_4.27/FeaturePacks/TP_ThirdPersonBP.upack' (chunk index -1, root 'root:/') mounted
[2021.12.19-05.43.02:079][  0]LogShaderLibrary: Display: ShaderCodeLibraryPakFileMountedCallback: pending pak file info (ChunkID:-1 Root:root:/ File:E:/Program Files/UE_4.27/FeaturePacks/TP_ThirdPersonBP.upack)
[2021.12.19-05.43.02:079][  0]LogPakFile: OnPakFileMounted2Time == 0.000049
[2021.12.19-05.43.02:117][  0]LogPakFile: PakFile PrimaryIndexSize=183
[2021.12.19-05.43.02:118][  0]LogPakFile: PakFile PathHashIndexSize=101
[2021.12.19-05.43.02:118][  0]LogPakFile: PakFile FullDirectoryIndexSize=140
[2021.12.19-05.43.02:118][  0]LogShaderLibrary: Display: ShaderCodeLibraryPakFileMountedCallback: PakFile 'E:/Program Files/UE_4.27/FeaturePacks/TP_TopDown.upack' (chunk index -1, root 'root:/') mounted
[2021.12.19-05.43.02:118][  0]LogShaderLibrary: Display: ShaderCodeLibraryPakFileMountedCallback: pending pak file info (ChunkID:-1 Root:root:/ File:E:/Program Files/UE_4.27/FeaturePacks/TP_TopDown.upack)
[2021.12.19-05.43.02:118][  0]LogPakFile: OnPakFileMounted2Time == 0.000081
[2021.12.19-05.43.02:127][  0]LogPakFile: PakFile PrimaryIndexSize=185
[2021.12.19-05.43.02:127][  0]LogPakFile: PakFile PathHashIndexSize=101
[2021.12.19-05.43.02:127][  0]LogPakFile: PakFile FullDirectoryIndexSize=144
[2021.12.19-05.43.02:127][  0]LogShaderLibrary: Display: ShaderCodeLibraryPakFileMountedCallback: PakFile 'E:/Program Files/UE_4.27/FeaturePacks/TP_TopDownBP.upack' (chunk index -1, root 'root:/') mounted
[2021.12.19-05.43.02:127][  0]LogShaderLibrary: Display: ShaderCodeLibraryPakFileMountedCallback: pending pak file info (ChunkID:-1 Root:root:/ File:E:/Program Files/UE_4.27/FeaturePacks/TP_TopDownBP.upack)
[2021.12.19-05.43.02:127][  0]LogPakFile: OnPakFileMounted2Time == 0.000080
[2021.12.19-05.43.02:147][  0]LogPakFile: PakFile PrimaryIndexSize=185
[2021.12.19-05.43.02:147][  0]LogPakFile: PakFile PathHashIndexSize=101
[2021.12.19-05.43.02:147][  0]LogPakFile: PakFile FullDirectoryIndexSize=144
[2021.12.19-05.43.02:148][  0]LogShaderLibrary: Display: ShaderCodeLibraryPakFileMountedCallback: PakFile 'E:/Program Files/UE_4.27/FeaturePacks/TP_TwinStick.upack' (chunk index -1, root 'root:/') mounted
[2021.12.19-05.43.02:148][  0]LogShaderLibrary: Display: ShaderCodeLibraryPakFileMountedCallback: pending pak file info (ChunkID:-1 Root:root:/ File:E:/Program Files/UE_4.27/FeaturePacks/TP_TwinStick.upack)
[2021.12.19-05.43.02:148][  0]LogPakFile: OnPakFileMounted2Time == 0.000084
[2021.12.19-05.43.02:155][  0]LogPakFile: PakFile PrimaryIndexSize=187
[2021.12.19-05.43.02:155][  0]LogPakFile: PakFile PathHashIndexSize=101
[2021.12.19-05.43.02:155][  0]LogPakFile: PakFile FullDirectoryIndexSize=148
[2021.12.19-05.43.02:155][  0]LogShaderLibrary: Display: ShaderCodeLibraryPakFileMountedCallback: PakFile 'E:/Program Files/UE_4.27/FeaturePacks/TP_TwinStickBP.upack' (chunk index -1, root 'root:/') mounted
[2021.12.19-05.43.02:155][  0]LogShaderLibrary: Display: ShaderCodeLibraryPakFileMountedCallback: pending pak file info (ChunkID:-1 Root:root:/ File:E:/Program Files/UE_4.27/FeaturePacks/TP_TwinStickBP.upack)
[2021.12.19-05.43.02:155][  0]LogPakFile: OnPakFileMounted2Time == 0.000106
[2021.12.19-05.43.02:169][  0]LogPakFile: PakFile PrimaryIndexSize=183
[2021.12.19-05.43.02:169][  0]LogPakFile: PakFile PathHashIndexSize=101
[2021.12.19-05.43.02:169][  0]LogPakFile: PakFile FullDirectoryIndexSize=140
[2021.12.19-05.43.02:169][  0]LogShaderLibrary: Display: ShaderCodeLibraryPakFileMountedCallback: PakFile 'E:/Program Files/UE_4.27/FeaturePacks/TP_Vehicle.upack' (chunk index -1, root 'root:/') mounted
[2021.12.19-05.43.02:169][  0]LogShaderLibrary: Display: ShaderCodeLibraryPakFileMountedCallback: pending pak file info (ChunkID:-1 Root:root:/ File:E:/Program Files/UE_4.27/FeaturePacks/TP_Vehicle.upack)
[2021.12.19-05.43.02:169][  0]LogPakFile: OnPakFileMounted2Time == 0.000057
[2021.12.19-05.43.02:210][  0]LogPakFile: PakFile PrimaryIndexSize=186
[2021.12.19-05.43.02:210][  0]LogPakFile: PakFile PathHashIndexSize=101
[2021.12.19-05.43.02:210][  0]LogPakFile: PakFile FullDirectoryIndexSize=146
[2021.12.19-05.43.02:210][  0]LogShaderLibrary: Display: ShaderCodeLibraryPakFileMountedCallback: PakFile 'E:/Program Files/UE_4.27/FeaturePacks/TP_VehicleAdv.upack' (chunk index -1, root 'root:/') mounted
[2021.12.19-05.43.02:210][  0]LogShaderLibrary: Display: ShaderCodeLibraryPakFileMountedCallback: pending pak file info (ChunkID:-1 Root:root:/ File:E:/Program Files/UE_4.27/FeaturePacks/TP_VehicleAdv.upack)
[2021.12.19-05.43.02:210][  0]LogPakFile: OnPakFileMounted2Time == 0.000051
[2021.12.19-05.43.02:217][  0]LogPakFile: PakFile PrimaryIndexSize=188
[2021.12.19-05.43.02:217][  0]LogPakFile: PakFile PathHashIndexSize=101
[2021.12.19-05.43.02:217][  0]LogPakFile: PakFile FullDirectoryIndexSize=150
[2021.12.19-05.43.02:217][  0]LogShaderLibrary: Display: ShaderCodeLibraryPakFileMountedCallback: PakFile 'E:/Program Files/UE_4.27/FeaturePacks/TP_VehicleAdvBP.upack' (chunk index -1, root 'root:/') mounted
[2021.12.19-05.43.02:217][  0]LogShaderLibrary: Display: ShaderCodeLibraryPakFileMountedCallback: pending pak file info (ChunkID:-1 Root:root:/ File:E:/Program Files/UE_4.27/FeaturePacks/TP_VehicleAdvBP.upack)
[2021.12.19-05.43.02:217][  0]LogPakFile: OnPakFileMounted2Time == 0.000062
[2021.12.19-05.43.02:224][  0]LogPakFile: PakFile PrimaryIndexSize=185
[2021.12.19-05.43.02:224][  0]LogPakFile: PakFile PathHashIndexSize=101
[2021.12.19-05.43.02:224][  0]LogPakFile: PakFile FullDirectoryIndexSize=144
[2021.12.19-05.43.02:224][  0]LogShaderLibrary: Display: ShaderCodeLibraryPakFileMountedCallback: PakFile 'E:/Program Files/UE_4.27/FeaturePacks/TP_VehicleBP.upack' (chunk index -1, root 'root:/') mounted
[2021.12.19-05.43.02:224][  0]LogShaderLibrary: Display: ShaderCodeLibraryPakFileMountedCallback: pending pak file info (ChunkID:-1 Root:root:/ File:E:/Program Files/UE_4.27/FeaturePacks/TP_VehicleBP.upack)
[2021.12.19-05.43.02:224][  0]LogPakFile: OnPakFileMounted2Time == 0.000053
[2021.12.19-05.43.02:252][  0]LogPakFile: PakFile PrimaryIndexSize=192
[2021.12.19-05.43.02:252][  0]LogPakFile: PakFile PathHashIndexSize=101
[2021.12.19-05.43.02:252][  0]LogPakFile: PakFile FullDirectoryIndexSize=158
[2021.12.19-05.43.02:252][  0]LogShaderLibrary: Display: ShaderCodeLibraryPakFileMountedCallback: PakFile 'E:/Program Files/UE_4.27/FeaturePacks/TP_VirtualRealityBP.upack' (chunk index -1, root 'root:/') mounted
[2021.12.19-05.43.02:252][  0]LogShaderLibrary: Display: ShaderCodeLibraryPakFileMountedCallback: pending pak file info (ChunkID:-1 Root:root:/ File:E:/Program Files/UE_4.27/FeaturePacks/TP_VirtualRealityBP.upack)
[2021.12.19-05.43.02:252][  0]LogPakFile: OnPakFileMounted2Time == 0.000059
[2021.12.19-05.43.03:324][  0]LogNativeClassHierarchy: Verbose: Native class hierarchy updated for 'AddContentDialog' in 0.0003 seconds. Added 0 classes and 0 folders.
[2021.12.19-05.43.03:342][  0]LogNativeClassHierarchy: Verbose: Native class hierarchy updated for 'SceneOutliner' in 0.0003 seconds. Added 2 classes and 0 folders.
[2021.12.19-05.43.03:958][  0]LogSlate: Took 0.000365 seconds to synchronously load lazily loaded font '../../../Engine/Content/Slate/Fonts/Roboto-Regular.ttf' (155K)
[2021.12.19-05.43.03:990][  0]LogSlate: Took 0.019425 seconds to synchronously load lazily loaded font '../../../Engine/Content/Editor/Slate/Fonts/FontAwesome.ttf' (139K)
[2021.12.19-05.43.04:005][  0]LogSlate: Took 0.000138 seconds to synchronously load lazily loaded font '../../../Engine/Content/Slate/Fonts/Roboto-Bold.ttf' (160K)
[2021.12.19-05.43.04:657][  0]LogRenderer: Reallocating scene render targets to support 768x372 Format 10 NumSamples 1 (Frame:1).
[2021.12.19-05.43.05:243][  0]LogNativeClassHierarchy: Verbose: Native class hierarchy updated for 'HierarchicalLODOutliner' in 0.0003 seconds. Added 0 classes and 0 folders.
[2021.12.19-05.43.05:243][  0]LogLoad: (Engine Initialization) Total time: 22.95 seconds
[2021.12.19-05.43.05:243][  0]LogLoad: (Engine Initialization) Total Blueprint compile time: 0.00 seconds
[2021.12.19-05.43.05:276][  0]LogLinker: Warning: Failed to load '/Engine/BasicShapes/Cube': Can't find file.
[2021.12.19-05.43.05:277][  0]LogLinker: Warning: Failed to load '/Engine/BasicShapes/Cube': Can't find file.
[2021.12.19-05.43.05:277][  0]LogUObjectGlobals: Warning: Failed to find object 'StaticMesh /Engine/BasicShapes/Cube.Cube'
[2021.12.19-05.43.05:320][  0]LogAssetRegistry: Asset discovery search completed in 16.2534 seconds
[2021.12.19-05.43.05:325][  0]LogCollectionManager: Fixed up redirectors for 0 collections in 0.000004 seconds (updated 0 objects)
[2021.12.19-05.43.05:369][  0]LogContentStreaming: Texture pool size now 1000 MB
[2021.12.19-05.43.05:873][  2]LogSlate: Took 0.033255 seconds to synchronously load lazily loaded font '../../../Engine/Content/Slate/Fonts/Roboto-Light.ttf' (167K)
[2021.12.19-05.43.08:487][279]LogEditorViewport: Clicking on Actor (LMB): StaticMeshActor (Floor)
[2021.12.19-07.10.28:271][421]LogUObjectHash: Compacting FUObjectHashTables data took   7.48ms
[2021.12.19-07.10.28:334][421]LogSlate: Took 0.000271 seconds to synchronously load lazily loaded font '../../../Engine/Content/Slate/Fonts/Roboto-Light.ttf' (167K)
[2021.12.19-07.10.29:028][421]LogAssetEditorSubsystem: Opening Asset editor for World /Game/MyStuff/Maps/MaterialLevel.MaterialLevel
[2021.12.19-07.10.29:030][421]Cmd: MAP LOAD FILE="../../../../../Users/kalif/Documents/Unreal Projects/MyProject5/Content/MyStuff/Maps/MaterialLevel.umap" TEMPLATE=0 SHOWPROGRESS=1 FEATURELEVEL=3
[2021.12.19-07.10.29:030][421]LightingResults: New page: Lighting Build
[2021.12.19-07.10.29:031][421]LoadErrors: New page: Loading map: MaterialLevel.umap
[2021.12.19-07.10.29:084][421]LogWorld: UWorld::CleanupWorld for Minimal_Default, bSessionEnded=true, bCleanupResources=true
[2021.12.19-07.10.29:085][421]LogSlate: InvalidateAllWidgets triggered.  All widgets were invalidated
[2021.12.19-07.10.29:097][421]MapCheck: New page: Map Check
[2021.12.19-07.10.29:097][421]LightingResults: New page: Lighting Build
[2021.12.19-07.10.29:105][421]LogAudio: Display: Audio Device unregistered from world 'None'.
[2021.12.19-07.10.29:128][421]LogUObjectHash: Compacting FUObjectHashTables data took   1.10ms
[2021.12.19-07.10.29:131][421]LogAudio: Display: Audio Device (ID: 1) registered with world 'MaterialLevel'.
[2021.12.19-07.10.29:276][421]LogEditorServer: Finished looking for orphan Actors (0.000 secs)
[2021.12.19-07.10.29:276][421]LogAIModule: Creating AISystem for world MaterialLevel
[2021.12.19-07.10.29:297][421]LogUObjectHash: Compacting FUObjectHashTables data took   0.61ms
[2021.12.19-07.10.29:313][421]Cmd: MAP CHECKDEP NOCLEARLOG
[2021.12.19-07.10.29:314][421]MapCheck: Map check complete: 0 Error(s), 0 Warning(s), took 0.097ms to complete.
[2021.12.19-07.10.29:314][421]LogFileHelpers: Loading map 'MaterialLevel' took 0.285
[2021.12.19-07.12.27:528][345]LogSlate: Took 0.000514 seconds to synchronously load lazily loaded font '../../../Engine/Content/Slate/Fonts/Roboto-BoldCondensed.ttf' (158K)
[2021.12.19-07.13.01:038][338]LogSlate: Window 'Open Project' being destroyed
